This file contains any messages produced by compilers while
running configure, to aid debugging if configure makes a mistake.

It was created by vte configure 0.32.2, which was
generated by GNU Autoconf 2.68.  Invocation command line was

  $ ./configure --disable-Bsymbolic --disable-python --prefix=/opt/local

## --------- ##
## Platform. ##
## --------- ##

hostname = bender.local
uname -m = x86_64
uname -r = 12.3.0
uname -s = Darwin
uname -v = Darwin Kernel Version 12.3.0: Sun Jan  6 22:37:10 PST 2013; root:xnu-2050.22.13~1/RELEASE_X86_64

/usr/bin/uname -p = i386
/bin/uname -X     = unknown

/bin/arch              = unknown
/usr/bin/arch -k       = unknown
/usr/convex/getsysinfo = unknown
/usr/bin/hostinfo      = Mach kernel version:
	 Darwin Kernel Version 12.3.0: Sun Jan  6 22:37:10 PST 2013; root:xnu-2050.22.13~1/RELEASE_X86_64
Kernel configured for up to 2 processors.
2 processors are physically available.
2 processors are logically available.
Processor type: i486 (Intel 80486)
Processors active: 0 1
Primary memory available: 8.00 gigabytes
Default processor set: 124 tasks, 467 threads, 2 processors
Load average: 2.61, Mach factor: 0.52
/bin/machine           = unknown
/usr/bin/oslevel       = unknown
/bin/universe          = unknown

PATH: /usr/local/lib/cw
PATH: /usr/local/homebrew/bin
PATH: /Users/youri/bin
PATH: /usr/local/lib/cw
PATH: /usr/bin
PATH: /bin
PATH: /usr/sbin
PATH: /sbin
PATH: /usr/local/bin
PATH: /usr/local/git/bin
PATH: /opt/local/bin
PATH: /usr/local/sbin
PATH: /usr/local/bin
PATH: /usr/local/sbin
PATH: /usr/libexec
PATH: /opt/local/bin
PATH: /opt/local/sbin
PATH: /usr/local/mysql/bin


## ----------- ##
## Core tests. ##
## ----------- ##

configure:2513: checking for a BSD-compatible install
configure:2581: result: /usr/bin/install -c
configure:2592: checking whether build environment is sane
configure:2642: result: yes
configure:2783: checking for a thread-safe mkdir -p
configure:2822: result: ./install-sh -c -d
configure:2835: checking for gawk
configure:2851: found /opt/local/bin/gawk
configure:2862: result: gawk
configure:2873: checking whether make sets $(MAKE)
configure:2895: result: yes
configure:2987: checking whether make supports nested variables
configure:3004: result: yes
configure:3020: checking whether to enable maintainer-specific portions of Makefiles
configure:3029: result: yes
configure:3130: checking for gcc
configure:3146: found /usr/bin/gcc
configure:3157: result: gcc
configure:3386: checking for C compiler version
configure:3395: gcc --version >&5
i686-apple-darwin11-llvm-gcc-4.2 (GCC) 4.2.1 (Based on Apple Inc. build 5658) (LLVM build 2336.11.00)
Copyright (C) 2007 Free Software Foundation, Inc.
This is free software; see the source for copying conditions.  There is NO
warranty; not even for MERCHANTABILITY or FITNESS FOR A PARTICULAR PURPOSE.

configure:3406: $? = 0
configure:3395: gcc -v >&5
Using built-in specs.
Target: i686-apple-darwin11
Configured with: /private/var/tmp/llvmgcc42/llvmgcc42-2336.11~182/src/configure --disable-checking --enable-werror --prefix=/Applications/Xcode.app/Contents/Developer/usr/llvm-gcc-4.2 --mandir=/share/man --enable-languages=c,objc,c++,obj-c++ --program-prefix=llvm- --program-transform-name=/^[cg][^.-]*$/s/$/-4.2/ --with-slibdir=/usr/lib --build=i686-apple-darwin11 --enable-llvm=/private/var/tmp/llvmgcc42/llvmgcc42-2336.11~182/dst-llvmCore/Developer/usr/local --program-prefix=i686-apple-darwin11- --host=x86_64-apple-darwin11 --target=i686-apple-darwin11 --with-gxx-include-dir=/usr/include/c++/4.2.1
Thread model: posix
gcc version 4.2.1 (Based on Apple Inc. build 5658) (LLVM build 2336.11.00)
configure:3406: $? = 0
configure:3395: gcc -V >&5
llvm-gcc-4.2: argument to `-V' is missing
configure:3406: $? = 1
configure:3395: gcc -qversion >&5
i686-apple-darwin11-llvm-gcc-4.2: no input files
configure:3406: $? = 1
configure:3426: checking whether the C compiler works
configure:3448: gcc    conftest.c  >&5
configure:3452: $? = 0
configure:3500: result: yes
configure:3503: checking for C compiler default output file name
configure:3505: result: a.out
configure:3511: checking for suffix of executables
configure:3518: gcc -o conftest    conftest.c  >&5
configure:3522: $? = 0
configure:3544: result: 
configure:3566: checking whether we are cross compiling
configure:3574: gcc -o conftest    conftest.c  >&5
configure:3578: $? = 0
configure:3585: ./conftest
configure:3589: $? = 0
configure:3604: result: no
configure:3609: checking for suffix of object files
configure:3631: gcc -c   conftest.c >&5
configure:3635: $? = 0
configure:3656: result: o
configure:3660: checking whether we are using the GNU C compiler
configure:3679: gcc -c   conftest.c >&5
configure:3679: $? = 0
configure:3688: result: yes
configure:3697: checking whether gcc accepts -g
configure:3717: gcc -c -g  conftest.c >&5
configure:3717: $? = 0
configure:3758: result: yes
configure:3775: checking for gcc option to accept ISO C89
configure:3839: gcc  -c -g -O2  conftest.c >&5
configure:3839: $? = 0
configure:3852: result: none needed
configure:3883: checking for style of include used by make
configure:3911: result: GNU
configure:3937: checking dependency style of gcc
configure:4048: result: gcc3
configure:4069: checking how to run the C preprocessor
configure:4100: gcc -E  conftest.c
configure:4100: $? = 0
configure:4114: gcc -E  conftest.c
conftest.c:11:28: error: ac_nonexistent.h: No such file or directory
configure:4114: $? = 1
configure: failed program was:
| /* confdefs.h */
| #define PACKAGE_NAME "vte"
| #define PACKAGE_TARNAME "vte"
| #define PACKAGE_VERSION "0.32.2"
| #define PACKAGE_STRING "vte 0.32.2"
| #define PACKAGE_BUGREPORT "http://bugzilla.gnome.org/enter_bug.cgi?product=vte"
| #define PACKAGE_URL ""
| #define PACKAGE "vte"
| #define VERSION "0.32.2"
| /* end confdefs.h.  */
| #include <ac_nonexistent.h>
configure:4139: result: gcc -E
configure:4159: gcc -E  conftest.c
configure:4159: $? = 0
configure:4173: gcc -E  conftest.c
conftest.c:11:28: error: ac_nonexistent.h: No such file or directory
configure:4173: $? = 1
configure: failed program was:
| /* confdefs.h */
| #define PACKAGE_NAME "vte"
| #define PACKAGE_TARNAME "vte"
| #define PACKAGE_VERSION "0.32.2"
| #define PACKAGE_STRING "vte 0.32.2"
| #define PACKAGE_BUGREPORT "http://bugzilla.gnome.org/enter_bug.cgi?product=vte"
| #define PACKAGE_URL ""
| #define PACKAGE "vte"
| #define VERSION "0.32.2"
| /* end confdefs.h.  */
| #include <ac_nonexistent.h>
configure:4202: checking for grep that handles long lines and -e
configure:4260: result: /usr/bin/grep
configure:4265: checking for egrep
configure:4327: result: /usr/bin/grep -E
configure:4332: checking for ANSI C header files
configure:4352: gcc -c -g -O2  conftest.c >&5
configure:4352: $? = 0
configure:4425: gcc -o conftest -g -O2   conftest.c  >&5
configure:4425: $? = 0
configure:4425: ./conftest
configure:4425: $? = 0
configure:4436: result: yes
configure:4445: checking whether gcc and cc understand -c and -o together
configure:4476: gcc -c conftest.c -o conftest2.o >&5
configure:4480: $? = 0
configure:4486: gcc -c conftest.c -o conftest2.o >&5
configure:4490: $? = 0
configure:4501: cc -c conftest.c >&5
configure:4505: $? = 0
configure:4513: cc -c conftest.c -o conftest2.o >&5
configure:4517: $? = 0
configure:4523: cc -c conftest.c -o conftest2.o >&5
configure:4527: $? = 0
configure:4545: result: yes
configure:4570: checking for a sed that does not truncate output
configure:4634: result: /opt/local/bin/gsed
configure:4671: checking build system type
configure:4685: result: x86_64-apple-darwin12.3.0
configure:4705: checking host system type
configure:4718: result: x86_64-apple-darwin12.3.0
configure:4759: checking how to print strings
configure:4786: result: printf
configure:4807: checking for a sed that does not truncate output
configure:4871: result: /opt/local/bin/gsed
configure:4889: checking for fgrep
configure:4951: result: /usr/bin/grep -F
configure:4986: checking for ld used by gcc
configure:5053: result: /usr/llvm-gcc-4.2/libexec/gcc/i686-apple-darwin11/4.2.1/ld
configure:5060: checking if the linker (/usr/llvm-gcc-4.2/libexec/gcc/i686-apple-darwin11/4.2.1/ld) is GNU ld
configure:5075: result: no
configure:5087: checking for BSD- or MS-compatible name lister (nm)
configure:5136: result: /usr/bin/nm
configure:5266: checking the name lister (/usr/bin/nm) interface
configure:5273: gcc -c -g -O2  conftest.c >&5
configure:5276: /usr/bin/nm "conftest.o"
configure:5279: output
00000000000001b8 S _some_variable
configure:5286: result: BSD nm
configure:5289: checking whether ln -s works
configure:5293: result: yes
configure:5301: checking the maximum length of command line arguments
configure:5431: result: 196608
configure:5448: checking whether the shell understands some XSI constructs
configure:5458: result: yes
configure:5462: checking whether the shell understands "+="
configure:5468: result: yes
configure:5503: checking how to convert x86_64-apple-darwin12.3.0 file names to x86_64-apple-darwin12.3.0 format
configure:5543: result: func_convert_file_noop
configure:5550: checking how to convert x86_64-apple-darwin12.3.0 file names to toolchain format
configure:5570: result: func_convert_file_noop
configure:5577: checking for /usr/llvm-gcc-4.2/libexec/gcc/i686-apple-darwin11/4.2.1/ld option to reload object files
configure:5584: result: -r
configure:5658: checking for objdump
configure:5674: found /usr/local/lib/cw/objdump
configure:5685: result: objdump
configure:5717: checking how to recognize dependent libraries
configure:5919: result: pass_all
configure:6004: checking for dlltool
configure:6034: result: no
configure:6064: checking how to associate runtime and link libraries
configure:6091: result: printf %s\n
configure:6151: checking for ar
configure:6167: found /usr/bin/ar
configure:6178: result: ar
configure:6215: checking for archiver @FILE support
configure:6232: gcc -c -g -O2  conftest.c >&5
configure:6232: $? = 0
configure:6235: ar cru libconftest.a @conftest.lst >&5
ar: @conftest.lst: No such file or directory
configure:6238: $? = 1
configure:6258: result: no
configure:6316: checking for strip
configure:6332: found /usr/bin/strip
configure:6343: result: strip
configure:6415: checking for ranlib
configure:6431: found /usr/bin/ranlib
configure:6442: result: ranlib
configure:6544: checking command to parse /usr/bin/nm output from gcc object
configure:6664: gcc -c -g -O2  conftest.c >&5
configure:6667: $? = 0
configure:6671: /usr/bin/nm conftest.o \| sed -n -e 's/^.*[ ]\([BCDEGRST][BCDEGRST]*\)[ ][ ]*\([_A-Za-z][_A-Za-z0-9]*\)$/\1 \2 \2/p' | sed '/ __gnu_lto/d' \> conftest.nm
configure:6674: $? = 0
cannot find nm_test_var in conftest.nm
configure:6664: gcc -c -g -O2  conftest.c >&5
configure:6667: $? = 0
configure:6671: /usr/bin/nm conftest.o \| sed -n -e 's/^.*[ ]\([BCDEGRST][BCDEGRST]*\)[ ][ ]*_\([_A-Za-z][_A-Za-z0-9]*\)$/\1 _\2 \2/p' | sed '/ __gnu_lto/d' \> conftest.nm
configure:6674: $? = 0
configure:6740: gcc -o conftest -g -O2   conftest.c conftstm.o >&5
configure:6743: $? = 0
configure:6781: result: ok
configure:6818: checking for sysroot
configure:6848: result: no
configure:7104: checking for mt
configure:7134: result: no
configure:7154: checking if : is a manifest tool
configure:7160: : '-?'
configure:7168: result: no
configure:7224: checking for dsymutil
configure:7240: found /usr/bin/dsymutil
configure:7251: result: dsymutil
configure:7316: checking for nmedit
configure:7332: found /usr/bin/nmedit
configure:7343: result: nmedit
configure:7408: checking for lipo
configure:7424: found /usr/bin/lipo
configure:7435: result: lipo
configure:7500: checking for otool
configure:7516: found /usr/bin/otool
configure:7527: result: otool
configure:7592: checking for otool64
configure:7622: result: no
configure:7667: checking for -single_module linker flag
gcc -g -O2  -o libconftest.dylib -dynamiclib -Wl,-single_module conftest.c
configure:7700: result: yes
configure:7703: checking for -exported_symbols_list linker flag
configure:7723: gcc -o conftest -g -O2   -Wl,-exported_symbols_list,conftest.sym conftest.c  >&5
configure:7723: $? = 0
configure:7733: result: yes
configure:7736: checking for -force_load linker flag
gcc -g -O2 -c -o conftest.o conftest.c
ar cru libconftest.a conftest.o
ranlib libconftest.a
gcc -g -O2  -o conftest conftest.c -Wl,-force_load,./libconftest.a
configure:7768: result: yes
configure:7810: checking for sys/types.h
configure:7810: gcc -c -g -O2  conftest.c >&5
configure:7810: $? = 0
configure:7810: result: yes
configure:7810: checking for sys/stat.h
configure:7810: gcc -c -g -O2  conftest.c >&5
configure:7810: $? = 0
configure:7810: result: yes
configure:7810: checking for stdlib.h
configure:7810: gcc -c -g -O2  conftest.c >&5
configure:7810: $? = 0
configure:7810: result: yes
configure:7810: checking for string.h
configure:7810: gcc -c -g -O2  conftest.c >&5
configure:7810: $? = 0
configure:7810: result: yes
configure:7810: checking for memory.h
configure:7810: gcc -c -g -O2  conftest.c >&5
configure:7810: $? = 0
configure:7810: result: yes
configure:7810: checking for strings.h
configure:7810: gcc -c -g -O2  conftest.c >&5
configure:7810: $? = 0
configure:7810: result: yes
configure:7810: checking for inttypes.h
configure:7810: gcc -c -g -O2  conftest.c >&5
configure:7810: $? = 0
configure:7810: result: yes
configure:7810: checking for stdint.h
configure:7810: gcc -c -g -O2  conftest.c >&5
configure:7810: $? = 0
configure:7810: result: yes
configure:7810: checking for unistd.h
configure:7810: gcc -c -g -O2  conftest.c >&5
configure:7810: $? = 0
configure:7810: result: yes
configure:7824: checking for dlfcn.h
configure:7824: gcc -c -g -O2  conftest.c >&5
configure:7824: $? = 0
configure:7824: result: yes
configure:8030: checking for objdir
configure:8045: result: .libs
configure:8312: checking if gcc supports -fno-rtti -fno-exceptions
configure:8330: gcc -c -g -O2  -fno-rtti -fno-exceptions conftest.c >&5
cc1: warning: command line option "-fno-rtti" is valid for C++/ObjC++ but not for C
configure:8334: $? = 0
configure:8347: result: no
configure:8674: checking for gcc option to produce PIC
configure:8681: result: -fno-common -DPIC
configure:8689: checking if gcc PIC flag -fno-common -DPIC works
configure:8707: gcc -c -g -O2  -fno-common -DPIC -DPIC conftest.c >&5
configure:8711: $? = 0
configure:8724: result: yes
configure:8753: checking if gcc static flag -static works
configure:8781: result: no
configure:8796: checking if gcc supports -c -o file.o
configure:8817: gcc -c -g -O2  -o out/conftest2.o conftest.c >&5
configure:8821: $? = 0
configure:8843: result: yes
configure:8851: checking if gcc supports -c -o file.o
configure:8898: result: yes
configure:8931: checking whether the gcc linker (/usr/llvm-gcc-4.2/libexec/gcc/i686-apple-darwin11/4.2.1/ld) supports shared libraries
configure:10084: result: yes
configure:10324: checking dynamic linker characteristics
configure:11061: result: darwin12.3.0 dyld
configure:11168: checking how to hardcode library paths into programs
configure:11193: result: immediate
configure:11733: checking whether stripping libraries is possible
configure:11747: result: yes
configure:11773: checking if libtool supports shared libraries
configure:11775: result: yes
configure:11778: checking whether to build shared libraries
configure:11799: result: yes
configure:11802: checking whether to build static libraries
configure:11806: result: yes
configure:11868: checking whether NLS is requested
configure:11877: result: yes
configure:11895: checking for intltool >= 0.35.0
configure:11897: result: 0.50.2 found
configure:11905: checking for intltool-update
configure:11923: found /opt/local/bin/intltool-update
configure:11935: result: /opt/local/bin/intltool-update
configure:11945: checking for intltool-merge
configure:11963: found /opt/local/bin/intltool-merge
configure:11975: result: /opt/local/bin/intltool-merge
configure:11985: checking for intltool-extract
configure:12003: found /opt/local/bin/intltool-extract
configure:12015: result: /opt/local/bin/intltool-extract
configure:12169: checking for xgettext
configure:12187: found /opt/local/bin/xgettext
configure:12199: result: /opt/local/bin/xgettext
configure:12209: checking for msgmerge
configure:12227: found /opt/local/bin/msgmerge
configure:12239: result: /opt/local/bin/msgmerge
configure:12249: checking for msgfmt
configure:12267: found /opt/local/bin/msgfmt
configure:12279: result: /opt/local/bin/msgfmt
configure:12289: checking for gmsgfmt
configure:12320: result: /opt/local/bin/msgfmt
configure:12340: checking for perl
configure:12358: found /opt/local/bin/perl
configure:12370: result: /opt/local/bin/perl
configure:12381: checking for perl >= 5.8.1
configure:12388: result: 5.12.4
configure:12392: checking for XML::Parser
configure:12395: result: ok
configure:12420: gcc -o conftest -g -O2   conftest.c  >&5
Undefined symbols for architecture x86_64:
  "__nl_msg_cat_cntr", referenced from:
      _main in cchu33iq.o
ld: symbol(s) not found for architecture x86_64
collect2: ld returned 1 exit status
configure:12420: $? = 1
configure: failed program was:
| /* confdefs.h */
| #define PACKAGE_NAME "vte"
| #define PACKAGE_TARNAME "vte"
| #define PACKAGE_VERSION "0.32.2"
| #define PACKAGE_STRING "vte 0.32.2"
| #define PACKAGE_BUGREPORT "http://bugzilla.gnome.org/enter_bug.cgi?product=vte"
| #define PACKAGE_URL ""
| #define PACKAGE "vte"
| #define VERSION "0.32.2"
| #define STDC_HEADERS 1
| #define HAVE_SYS_TYPES_H 1
| #define HAVE_SYS_STAT_H 1
| #define HAVE_STDLIB_H 1
| #define HAVE_STRING_H 1
| #define HAVE_MEMORY_H 1
| #define HAVE_STRINGS_H 1
| #define HAVE_INTTYPES_H 1
| #define HAVE_STDINT_H 1
| #define HAVE_UNISTD_H 1
| #define HAVE_DLFCN_H 1
| #define LT_OBJDIR ".libs/"
| /* end confdefs.h.  */
| 
| int
| main ()
| {
| extern int _nl_msg_cat_cntr;
|                        return _nl_msg_cat_cntr
|   ;
|   return 0;
| }
configure:12457: checking locale.h usability
configure:12457: gcc -c -g -O2  conftest.c >&5
configure:12457: $? = 0
configure:12457: result: yes
configure:12457: checking locale.h presence
configure:12457: gcc -E  conftest.c
configure:12457: $? = 0
configure:12457: result: yes
configure:12457: checking for locale.h
configure:12457: result: yes
configure:12468: checking for LC_MESSAGES
configure:12484: gcc -o conftest -g -O2   conftest.c  >&5
configure:12484: $? = 0
configure:12492: result: yes
configure:12509: checking libintl.h usability
configure:12509: gcc -c -g -O2  conftest.c >&5
conftest.c:59:21: error: libintl.h: No such file or directory
configure:12509: $? = 1
configure: failed program was:
| /* confdefs.h */
| #define PACKAGE_NAME "vte"
| #define PACKAGE_TARNAME "vte"
| #define PACKAGE_VERSION "0.32.2"
| #define PACKAGE_STRING "vte 0.32.2"
| #define PACKAGE_BUGREPORT "http://bugzilla.gnome.org/enter_bug.cgi?product=vte"
| #define PACKAGE_URL ""
| #define PACKAGE "vte"
| #define VERSION "0.32.2"
| #define STDC_HEADERS 1
| #define HAVE_SYS_TYPES_H 1
| #define HAVE_SYS_STAT_H 1
| #define HAVE_STDLIB_H 1
| #define HAVE_STRING_H 1
| #define HAVE_MEMORY_H 1
| #define HAVE_STRINGS_H 1
| #define HAVE_INTTYPES_H 1
| #define HAVE_STDINT_H 1
| #define HAVE_UNISTD_H 1
| #define HAVE_DLFCN_H 1
| #define LT_OBJDIR ".libs/"
| #define GETTEXT_PACKAGE "vte-2.90"
| #define HAVE_LOCALE_H 1
| #define HAVE_LC_MESSAGES 1
| /* end confdefs.h.  */
| #include <stdio.h>
| #ifdef HAVE_SYS_TYPES_H
| # include <sys/types.h>
| #endif
| #ifdef HAVE_SYS_STAT_H
| # include <sys/stat.h>
| #endif
| #ifdef STDC_HEADERS
| # include <stdlib.h>
| # include <stddef.h>
| #else
| # ifdef HAVE_STDLIB_H
| #  include <stdlib.h>
| # endif
| #endif
| #ifdef HAVE_STRING_H
| # if !defined STDC_HEADERS && defined HAVE_MEMORY_H
| #  include <memory.h>
| # endif
| # include <string.h>
| #endif
| #ifdef HAVE_STRINGS_H
| # include <strings.h>
| #endif
| #ifdef HAVE_INTTYPES_H
| # include <inttypes.h>
| #endif
| #ifdef HAVE_STDINT_H
| # include <stdint.h>
| #endif
| #ifdef HAVE_UNISTD_H
| # include <unistd.h>
| #endif
| #include <libintl.h>
configure:12509: result: no
configure:12509: checking libintl.h presence
configure:12509: gcc -E  conftest.c
conftest.c:26:21: error: libintl.h: No such file or directory
configure:12509: $? = 1
configure: failed program was:
| /* confdefs.h */
| #define PACKAGE_NAME "vte"
| #define PACKAGE_TARNAME "vte"
| #define PACKAGE_VERSION "0.32.2"
| #define PACKAGE_STRING "vte 0.32.2"
| #define PACKAGE_BUGREPORT "http://bugzilla.gnome.org/enter_bug.cgi?product=vte"
| #define PACKAGE_URL ""
| #define PACKAGE "vte"
| #define VERSION "0.32.2"
| #define STDC_HEADERS 1
| #define HAVE_SYS_TYPES_H 1
| #define HAVE_SYS_STAT_H 1
| #define HAVE_STDLIB_H 1
| #define HAVE_STRING_H 1
| #define HAVE_MEMORY_H 1
| #define HAVE_STRINGS_H 1
| #define HAVE_INTTYPES_H 1
| #define HAVE_STDINT_H 1
| #define HAVE_UNISTD_H 1
| #define HAVE_DLFCN_H 1
| #define LT_OBJDIR ".libs/"
| #define GETTEXT_PACKAGE "vte-2.90"
| #define HAVE_LOCALE_H 1
| #define HAVE_LC_MESSAGES 1
| /* end confdefs.h.  */
| #include <libintl.h>
configure:12509: result: no
configure:12509: checking for libintl.h
configure:12509: result: no
configure:13162: checking whether bind_textdomain_codeset is declared
configure:13162: gcc -c -g -O2  conftest.c >&5
conftest.c:26:21: error: libintl.h: No such file or directory
conftest.c: In function 'main':
conftest.c:35: error: 'bind_textdomain_codeset' undeclared (first use in this function)
conftest.c:35: error: (Each undeclared identifier is reported only once
conftest.c:35: error: for each function it appears in.)
configure:13162: $? = 1
configure: failed program was:
| /* confdefs.h */
| #define PACKAGE_NAME "vte"
| #define PACKAGE_TARNAME "vte"
| #define PACKAGE_VERSION "0.32.2"
| #define PACKAGE_STRING "vte 0.32.2"
| #define PACKAGE_BUGREPORT "http://bugzilla.gnome.org/enter_bug.cgi?product=vte"
| #define PACKAGE_URL ""
| #define PACKAGE "vte"
| #define VERSION "0.32.2"
| #define STDC_HEADERS 1
| #define HAVE_SYS_TYPES_H 1
| #define HAVE_SYS_STAT_H 1
| #define HAVE_STDLIB_H 1
| #define HAVE_STRING_H 1
| #define HAVE_MEMORY_H 1
| #define HAVE_STRINGS_H 1
| #define HAVE_INTTYPES_H 1
| #define HAVE_STDINT_H 1
| #define HAVE_UNISTD_H 1
| #define HAVE_DLFCN_H 1
| #define LT_OBJDIR ".libs/"
| #define GETTEXT_PACKAGE "vte-2.90"
| #define HAVE_LOCALE_H 1
| #define HAVE_LC_MESSAGES 1
| /* end confdefs.h.  */
| #include "libintl.h"
| 
| int
| main ()
| {
| #ifndef bind_textdomain_codeset
| #ifdef __cplusplus
|   (void) bind_textdomain_codeset;
| #else
|   (void) bind_textdomain_codeset;
| #endif
| #endif
| 
|   ;
|   return 0;
| }
configure:13162: result: no
configure:13179: checking for a win32 platform
configure:13187: result: no
configure:13247: checking if gcc supports -Wall flag
configure:13262: gcc -c -g -O2 -Wall  conftest.c >&5
configure:13262: $? = 0
configure:13279: result: yes
configure:13247: checking if gcc supports -Wextra flag
configure:13262: gcc -c -g -O2 -Wall -Wextra  conftest.c >&5
configure:13262: $? = 0
configure:13279: result: yes
configure:13247: checking if gcc supports -Wformat-nonliteral flag
configure:13262: gcc -c -g -O2 -Wall -Wextra -Wformat-nonliteral  conftest.c >&5
configure:13262: $? = 0
configure:13279: result: yes
configure:13247: checking if gcc supports -Werror=format-security flag
configure:13262: gcc -c -g -O2 -Wall -Wextra -Wformat-nonliteral -Werror=format-security  conftest.c >&5
configure:13262: $? = 0
configure:13279: result: yes
configure:13247: checking if gcc supports -Wsign-compare flag
configure:13262: gcc -c -g -O2 -Wall -Wextra -Wformat-nonliteral -Werror=format-security -Wsign-compare  conftest.c >&5
configure:13262: $? = 0
configure:13279: result: yes
configure:13247: checking if gcc supports -Werror=implicit-function-declaration flag
configure:13262: gcc -c -g -O2 -Wall -Wextra -Wformat-nonliteral -Werror=format-security -Wsign-compare -Werror=implicit-function-declaration  conftest.c >&5
configure:13262: $? = 0
configure:13279: result: yes
configure:13247: checking if gcc supports -Wpointer-arith flag
configure:13262: gcc -c -g -O2 -Wall -Wextra -Wformat-nonliteral -Werror=format-security -Wsign-compare -Werror=implicit-function-declaration -Wpointer-arith  conftest.c >&5
configure:13262: $? = 0
configure:13279: result: yes
configure:13247: checking if gcc supports -Wwrite-strings flag
configure:13262: gcc -c -g -O2 -Wall -Wextra -Wformat-nonliteral -Werror=format-security -Wsign-compare -Werror=implicit-function-declaration -Wpointer-arith -Wwrite-strings  conftest.c >&5
configure:13262: $? = 0
configure:13279: result: yes
configure:13247: checking if gcc supports -Wstrict-prototypes flag
configure:13262: gcc -c -g -O2 -Wall -Wextra -Wformat-nonliteral -Werror=format-security -Wsign-compare -Werror=implicit-function-declaration -Wpointer-arith -Wwrite-strings -Wstrict-prototypes  conftest.c >&5
configure:13262: $? = 0
configure:13279: result: yes
configure:13247: checking if gcc supports -Waggregate-return flag
configure:13262: gcc -c -g -O2 -Wall -Wextra -Wformat-nonliteral -Werror=format-security -Wsign-compare -Werror=implicit-function-declaration -Wpointer-arith -Wwrite-strings -Wstrict-prototypes -Waggregate-return  conftest.c >&5
configure:13262: $? = 0
configure:13279: result: yes
configure:13247: checking if gcc supports -Wcast-align flag
configure:13262: gcc -c -g -O2 -Wall -Wextra -Wformat-nonliteral -Werror=format-security -Wsign-compare -Werror=implicit-function-declaration -Wpointer-arith -Wwrite-strings -Wstrict-prototypes -Waggregate-return -Wcast-align  conftest.c >&5
configure:13262: $? = 0
configure:13279: result: yes
configure:13247: checking if gcc supports -Wimplicit flag
configure:13262: gcc -c -g -O2 -Wall -Wextra -Wformat-nonliteral -Werror=format-security -Wsign-compare -Werror=implicit-function-declaration -Wpointer-arith -Wwrite-strings -Wstrict-prototypes -Waggregate-return -Wcast-align -Wimplicit  conftest.c >&5
configure:13262: $? = 0
configure:13279: result: yes
configure:13247: checking if gcc supports -Wuninitialized flag
configure:13262: gcc -c -g -O2 -Wall -Wextra -Wformat-nonliteral -Werror=format-security -Wsign-compare -Werror=implicit-function-declaration -Wpointer-arith -Wwrite-strings -Wstrict-prototypes -Waggregate-return -Wcast-align -Wimplicit -Wuninitialized  conftest.c >&5
configure:13262: $? = 0
configure:13279: result: yes
configure:13247: checking if gcc supports -Wmissing-prototypes flag
configure:13262: gcc -c -g -O2 -Wall -Wextra -Wformat-nonliteral -Werror=format-security -Wsign-compare -Werror=implicit-function-declaration -Wpointer-arith -Wwrite-strings -Wstrict-prototypes -Waggregate-return -Wcast-align -Wimplicit -Wuninitialized -Wmissing-prototypes  conftest.c >&5
configure:13262: $? = 0
configure:13279: result: yes
configure:13247: checking if gcc supports -Wmissing-declarations flag
configure:13262: gcc -c -g -O2 -Wall -Wextra -Wformat-nonliteral -Werror=format-security -Wsign-compare -Werror=implicit-function-declaration -Wpointer-arith -Wwrite-strings -Wstrict-prototypes -Waggregate-return -Wcast-align -Wimplicit -Wuninitialized -Wmissing-prototypes -Wmissing-declarations  conftest.c >&5
configure:13262: $? = 0
configure:13279: result: yes
configure:13247: checking if gcc supports -Wnested-externs flag
configure:13262: gcc -c -g -O2 -Wall -Wextra -Wformat-nonliteral -Werror=format-security -Wsign-compare -Werror=implicit-function-declaration -Wpointer-arith -Wwrite-strings -Wstrict-prototypes -Waggregate-return -Wcast-align -Wimplicit -Wuninitialized -Wmissing-prototypes -Wmissing-declarations -Wnested-externs  conftest.c >&5
configure:13262: $? = 0
configure:13279: result: yes
configure:13247: checking if gcc supports -Wpacked flag
configure:13262: gcc -c -g -O2 -Wall -Wextra -Wformat-nonliteral -Werror=format-security -Wsign-compare -Werror=implicit-function-declaration -Wpointer-arith -Wwrite-strings -Wstrict-prototypes -Waggregate-return -Wcast-align -Wimplicit -Wuninitialized -Wmissing-prototypes -Wmissing-declarations -Wnested-externs -Wpacked  conftest.c >&5
configure:13262: $? = 0
configure:13279: result: yes
configure:13247: checking if gcc supports -Wmissing-format-attribute flag
configure:13262: gcc -c -g -O2 -Wall -Wextra -Wformat-nonliteral -Werror=format-security -Wsign-compare -Werror=implicit-function-declaration -Wpointer-arith -Wwrite-strings -Wstrict-prototypes -Waggregate-return -Wcast-align -Wimplicit -Wuninitialized -Wmissing-prototypes -Wmissing-declarations -Wnested-externs -Wpacked -Wmissing-format-attribute  conftest.c >&5
configure:13262: $? = 0
configure:13279: result: yes
configure:13247: checking if gcc supports -Wshadow flag
configure:13262: gcc -c -g -O2 -Wall -Wextra -Wformat-nonliteral -Werror=format-security -Wsign-compare -Werror=implicit-function-declaration -Wpointer-arith -Wwrite-strings -Wstrict-prototypes -Waggregate-return -Wcast-align -Wimplicit -Wuninitialized -Wmissing-prototypes -Wmissing-declarations -Wnested-externs -Wpacked -Wmissing-format-attribute -Wshadow  conftest.c >&5
configure:13262: $? = 0
configure:13279: result: yes
configure:13247: checking if gcc supports -Wstrict-aliasing=2 flag
configure:13262: gcc -c -g -O2 -Wall -Wextra -Wformat-nonliteral -Werror=format-security -Wsign-compare -Werror=implicit-function-declaration -Wpointer-arith -Wwrite-strings -Wstrict-prototypes -Waggregate-return -Wcast-align -Wimplicit -Wuninitialized -Wmissing-prototypes -Wmissing-declarations -Wnested-externs -Wpacked -Wmissing-format-attribute -Wshadow -Wstrict-aliasing=2  conftest.c >&5
configure:13262: $? = 0
configure:13279: result: yes
configure:13247: checking if gcc supports -Winit-self flag
configure:13262: gcc -c -g -O2 -Wall -Wextra -Wformat-nonliteral -Werror=format-security -Wsign-compare -Werror=implicit-function-declaration -Wpointer-arith -Wwrite-strings -Wstrict-prototypes -Waggregate-return -Wcast-align -Wimplicit -Wuninitialized -Wmissing-prototypes -Wmissing-declarations -Wnested-externs -Wpacked -Wmissing-format-attribute -Wshadow -Wstrict-aliasing=2 -Winit-self  conftest.c >&5
configure:13262: $? = 0
configure:13279: result: yes
configure:13247: checking if gcc supports -Wunsafe-loop-optimizations flag
configure:13262: gcc -c -g -O2 -Wall -Wextra -Wformat-nonliteral -Werror=format-security -Wsign-compare -Werror=implicit-function-declaration -Wpointer-arith -Wwrite-strings -Wstrict-prototypes -Waggregate-return -Wcast-align -Wimplicit -Wuninitialized -Wmissing-prototypes -Wmissing-declarations -Wnested-externs -Wpacked -Wmissing-format-attribute -Wshadow -Wstrict-aliasing=2 -Winit-self -Wunsafe-loop-optimizations  conftest.c >&5
configure:13262: $? = 0
configure:13279: result: yes
configure:13247: checking if gcc supports -Wdeclaration-after-statement flag
configure:13262: gcc -c -g -O2 -Wall -Wextra -Wformat-nonliteral -Werror=format-security -Wsign-compare -Werror=implicit-function-declaration -Wpointer-arith -Wwrite-strings -Wstrict-prototypes -Waggregate-return -Wcast-align -Wimplicit -Wuninitialized -Wmissing-prototypes -Wmissing-declarations -Wnested-externs -Wpacked -Wmissing-format-attribute -Wshadow -Wstrict-aliasing=2 -Winit-self -Wunsafe-loop-optimizations -Wdeclaration-after-statement  conftest.c >&5
configure:13262: $? = 0
configure:13279: result: yes
configure:13247: checking if gcc supports -Wold-style-definition flag
configure:13262: gcc -c -g -O2 -Wall -Wextra -Wformat-nonliteral -Werror=format-security -Wsign-compare -Werror=implicit-function-declaration -Wpointer-arith -Wwrite-strings -Wstrict-prototypes -Waggregate-return -Wcast-align -Wimplicit -Wuninitialized -Wmissing-prototypes -Wmissing-declarations -Wnested-externs -Wpacked -Wmissing-format-attribute -Wshadow -Wstrict-aliasing=2 -Winit-self -Wunsafe-loop-optimizations -Wdeclaration-after-statement -Wold-style-definition  conftest.c >&5
configure:13262: $? = 0
configure:13279: result: yes
configure:13247: checking if gcc supports -Wno-missing-field-initializers flag
configure:13262: gcc -c -g -O2 -Wall -Wextra -Wformat-nonliteral -Werror=format-security -Wsign-compare -Werror=implicit-function-declaration -Wpointer-arith -Wwrite-strings -Wstrict-prototypes -Waggregate-return -Wcast-align -Wimplicit -Wuninitialized -Wmissing-prototypes -Wmissing-declarations -Wnested-externs -Wpacked -Wmissing-format-attribute -Wshadow -Wstrict-aliasing=2 -Winit-self -Wunsafe-loop-optimizations -Wdeclaration-after-statement -Wold-style-definition -Wno-missing-field-initializers  conftest.c >&5
configure:13262: $? = 0
configure:13279: result: yes
configure:13247: checking if gcc supports -Wno-unused-parameter flag
configure:13262: gcc -c -g -O2 -Wall -Wextra -Wformat-nonliteral -Werror=format-security -Wsign-compare -Werror=implicit-function-declaration -Wpointer-arith -Wwrite-strings -Wstrict-prototypes -Waggregate-return -Wcast-align -Wimplicit -Wuninitialized -Wmissing-prototypes -Wmissing-declarations -Wnested-externs -Wpacked -Wmissing-format-attribute -Wshadow -Wstrict-aliasing=2 -Winit-self -Wunsafe-loop-optimizations -Wdeclaration-after-statement -Wold-style-definition -Wno-missing-field-initializers -Wno-unused-parameter  conftest.c >&5
configure:13262: $? = 0
configure:13279: result: yes
configure:13247: checking if gcc supports -fno-common flag
configure:13262: gcc -c -g -O2 -Wall -Wextra -Wformat-nonliteral -Werror=format-security -Wsign-compare -Werror=implicit-function-declaration -Wpointer-arith -Wwrite-strings -Wstrict-prototypes -Waggregate-return -Wcast-align -Wimplicit -Wuninitialized -Wmissing-prototypes -Wmissing-declarations -Wnested-externs -Wpacked -Wmissing-format-attribute -Wshadow -Wstrict-aliasing=2 -Winit-self -Wunsafe-loop-optimizations -Wdeclaration-after-statement -Wold-style-definition -Wno-missing-field-initializers -Wno-unused-parameter -fno-common  conftest.c >&5
configure:13262: $? = 0
configure:13279: result: yes
configure:13247: checking if gcc supports -Wno-switch-enum flag
configure:13262: gcc -c -g -O2 -Wall -Wextra -Wformat-nonliteral -Werror=format-security -Wsign-compare -Werror=implicit-function-declaration -Wpointer-arith -Wwrite-strings -Wstrict-prototypes -Waggregate-return -Wcast-align -Wimplicit -Wuninitialized -Wmissing-prototypes -Wmissing-declarations -Wnested-externs -Wpacked -Wmissing-format-attribute -Wshadow -Wstrict-aliasing=2 -Winit-self -Wunsafe-loop-optimizations -Wdeclaration-after-statement -Wold-style-definition -Wno-missing-field-initializers -Wno-unused-parameter -fno-common -Wno-switch-enum  conftest.c >&5
configure:13262: $? = 0
configure:13279: result: yes
configure:13455: checking for pkg-config
configure:13473: found /opt/local/bin/pkg-config
configure:13485: result: /opt/local/bin/pkg-config
configure:13510: checking pkg-config is at least version 0.9.0
configure:13513: result: yes
configure:13523: checking for GLIB
configure:13530: $PKG_CONFIG --exists --print-errors "glib-2.0 >= $GLIB_REQUIRED gobject-2.0 gio-2.0 >= $GIO_REQUIRED"
configure:13533: $? = 0
configure:13546: $PKG_CONFIG --exists --print-errors "glib-2.0 >= $GLIB_REQUIRED gobject-2.0 gio-2.0 >= $GIO_REQUIRED"
configure:13549: $? = 0
configure:13608: result: yes
configure:13614: checking for GTK
configure:13621: $PKG_CONFIG --exists --print-errors "glib-2.0 >= $GLIB_REQUIRED gobject-2.0 gio-2.0 >= $GIO_REQUIRED gtk+-$GTK_API_VERSION >= $GTK_REQUIRED"
configure:13624: $? = 0
configure:13637: $PKG_CONFIG --exists --print-errors "glib-2.0 >= $GLIB_REQUIRED gobject-2.0 gio-2.0 >= $GIO_REQUIRED gtk+-$GTK_API_VERSION >= $GTK_REQUIRED"
configure:13640: $? = 0
configure:13699: result: yes
configure:13706: checking for glib-genmarshal
configure:13724: found /opt/local/bin/glib-genmarshal
configure:13736: result: /opt/local/bin/glib-genmarshal
configure:13746: checking for glib-mkenums
configure:13764: found /opt/local/bin/glib-mkenums
configure:13776: result: /opt/local/bin/glib-mkenums
configure:13788: checking for glib-compile-resources
configure:13806: found /opt/local/bin/glib-compile-resources
configure:13818: result: /opt/local/bin/glib-compile-resources
configure:13841: checking sys/select.h usability
configure:13841: gcc -c -g -O2 -Wall -Wextra -Wformat-nonliteral -Werror=format-security -Wsign-compare -Werror=implicit-function-declaration -Wpointer-arith -Wwrite-strings -Wstrict-prototypes -Waggregate-return -Wcast-align -Wimplicit -Wuninitialized -Wmissing-prototypes -Wmissing-declarations -Wnested-externs -Wpacked -Wmissing-format-attribute -Wshadow -Wstrict-aliasing=2 -Winit-self -Wunsafe-loop-optimizations -Wdeclaration-after-statement -Wold-style-definition -Wno-missing-field-initializers -Wno-unused-parameter -fno-common -Wno-switch-enum  conftest.c >&5
configure:13841: $? = 0
configure:13841: result: yes
configure:13841: checking sys/select.h presence
configure:13841: gcc -E  conftest.c
configure:13841: $? = 0
configure:13841: result: yes
configure:13841: checking for sys/select.h
configure:13841: result: yes
configure:13841: checking sys/syslimits.h usability
configure:13841: gcc -c -g -O2 -Wall -Wextra -Wformat-nonliteral -Werror=format-security -Wsign-compare -Werror=implicit-function-declaration -Wpointer-arith -Wwrite-strings -Wstrict-prototypes -Waggregate-return -Wcast-align -Wimplicit -Wuninitialized -Wmissing-prototypes -Wmissing-declarations -Wnested-externs -Wpacked -Wmissing-format-attribute -Wshadow -Wstrict-aliasing=2 -Winit-self -Wunsafe-loop-optimizations -Wdeclaration-after-statement -Wold-style-definition -Wno-missing-field-initializers -Wno-unused-parameter -fno-common -Wno-switch-enum  conftest.c >&5
configure:13841: $? = 0
configure:13841: result: yes
configure:13841: checking sys/syslimits.h presence
configure:13841: gcc -E  conftest.c
configure:13841: $? = 0
configure:13841: result: yes
configure:13841: checking for sys/syslimits.h
configure:13841: result: yes
configure:13841: checking sys/termios.h usability
configure:13841: gcc -c -g -O2 -Wall -Wextra -Wformat-nonliteral -Werror=format-security -Wsign-compare -Werror=implicit-function-declaration -Wpointer-arith -Wwrite-strings -Wstrict-prototypes -Waggregate-return -Wcast-align -Wimplicit -Wuninitialized -Wmissing-prototypes -Wmissing-declarations -Wnested-externs -Wpacked -Wmissing-format-attribute -Wshadow -Wstrict-aliasing=2 -Winit-self -Wunsafe-loop-optimizations -Wdeclaration-after-statement -Wold-style-definition -Wno-missing-field-initializers -Wno-unused-parameter -fno-common -Wno-switch-enum  conftest.c >&5
configure:13841: $? = 0
configure:13841: result: yes
configure:13841: checking sys/termios.h presence
configure:13841: gcc -E  conftest.c
configure:13841: $? = 0
configure:13841: result: yes
configure:13841: checking for sys/termios.h
configure:13841: result: yes
configure:13841: checking sys/un.h usability
configure:13841: gcc -c -g -O2 -Wall -Wextra -Wformat-nonliteral -Werror=format-security -Wsign-compare -Werror=implicit-function-declaration -Wpointer-arith -Wwrite-strings -Wstrict-prototypes -Waggregate-return -Wcast-align -Wimplicit -Wuninitialized -Wmissing-prototypes -Wmissing-declarations -Wnested-externs -Wpacked -Wmissing-format-attribute -Wshadow -Wstrict-aliasing=2 -Winit-self -Wunsafe-loop-optimizations -Wdeclaration-after-statement -Wold-style-definition -Wno-missing-field-initializers -Wno-unused-parameter -fno-common -Wno-switch-enum  conftest.c >&5
configure:13841: $? = 0
configure:13841: result: yes
configure:13841: checking sys/un.h presence
configure:13841: gcc -E  conftest.c
configure:13841: $? = 0
configure:13841: result: yes
configure:13841: checking for sys/un.h
configure:13841: result: yes
configure:13841: checking sys/wait.h usability
configure:13841: gcc -c -g -O2 -Wall -Wextra -Wformat-nonliteral -Werror=format-security -Wsign-compare -Werror=implicit-function-declaration -Wpointer-arith -Wwrite-strings -Wstrict-prototypes -Waggregate-return -Wcast-align -Wimplicit -Wuninitialized -Wmissing-prototypes -Wmissing-declarations -Wnested-externs -Wpacked -Wmissing-format-attribute -Wshadow -Wstrict-aliasing=2 -Winit-self -Wunsafe-loop-optimizations -Wdeclaration-after-statement -Wold-style-definition -Wno-missing-field-initializers -Wno-unused-parameter -fno-common -Wno-switch-enum  conftest.c >&5
configure:13841: $? = 0
configure:13841: result: yes
configure:13841: checking sys/wait.h presence
configure:13841: gcc -E  conftest.c
configure:13841: $? = 0
configure:13841: result: yes
configure:13841: checking for sys/wait.h
configure:13841: result: yes
configure:13841: checking stropts.h usability
configure:13841: gcc -c -g -O2 -Wall -Wextra -Wformat-nonliteral -Werror=format-security -Wsign-compare -Werror=implicit-function-declaration -Wpointer-arith -Wwrite-strings -Wstrict-prototypes -Waggregate-return -Wcast-align -Wimplicit -Wuninitialized -Wmissing-prototypes -Wmissing-declarations -Wnested-externs -Wpacked -Wmissing-format-attribute -Wshadow -Wstrict-aliasing=2 -Winit-self -Wunsafe-loop-optimizations -Wdeclaration-after-statement -Wold-style-definition -Wno-missing-field-initializers -Wno-unused-parameter -fno-common -Wno-switch-enum  conftest.c >&5
conftest.c:67:21: error: stropts.h: No such file or directory
configure:13841: $? = 1
configure: failed program was:
| /* confdefs.h */
| #define PACKAGE_NAME "vte"
| #define PACKAGE_TARNAME "vte"
| #define PACKAGE_VERSION "0.32.2"
| #define PACKAGE_STRING "vte 0.32.2"
| #define PACKAGE_BUGREPORT "http://bugzilla.gnome.org/enter_bug.cgi?product=vte"
| #define PACKAGE_URL ""
| #define PACKAGE "vte"
| #define VERSION "0.32.2"
| #define STDC_HEADERS 1
| #define HAVE_SYS_TYPES_H 1
| #define HAVE_SYS_STAT_H 1
| #define HAVE_STDLIB_H 1
| #define HAVE_STRING_H 1
| #define HAVE_MEMORY_H 1
| #define HAVE_STRINGS_H 1
| #define HAVE_INTTYPES_H 1
| #define HAVE_STDINT_H 1
| #define HAVE_UNISTD_H 1
| #define HAVE_DLFCN_H 1
| #define LT_OBJDIR ".libs/"
| #define GETTEXT_PACKAGE "vte-2.90"
| #define HAVE_LOCALE_H 1
| #define HAVE_LC_MESSAGES 1
| #define HAVE_DECL_BIND_TEXTDOMAIN_CODESET 0
| #define GDK_MULTIHEAD_SAFE 1
| #define VTE_DEFAULT_EMULATION "xterm"
| #define HAVE_SYS_SELECT_H 1
| #define HAVE_SYS_SYSLIMITS_H 1
| #define HAVE_SYS_TERMIOS_H 1
| #define HAVE_SYS_UN_H 1
| #define HAVE_SYS_WAIT_H 1
| /* end confdefs.h.  */
| #include <stdio.h>
| #ifdef HAVE_SYS_TYPES_H
| # include <sys/types.h>
| #endif
| #ifdef HAVE_SYS_STAT_H
| # include <sys/stat.h>
| #endif
| #ifdef STDC_HEADERS
| # include <stdlib.h>
| # include <stddef.h>
| #else
| # ifdef HAVE_STDLIB_H
| #  include <stdlib.h>
| # endif
| #endif
| #ifdef HAVE_STRING_H
| # if !defined STDC_HEADERS && defined HAVE_MEMORY_H
| #  include <memory.h>
| # endif
| # include <string.h>
| #endif
| #ifdef HAVE_STRINGS_H
| # include <strings.h>
| #endif
| #ifdef HAVE_INTTYPES_H
| # include <inttypes.h>
| #endif
| #ifdef HAVE_STDINT_H
| # include <stdint.h>
| #endif
| #ifdef HAVE_UNISTD_H
| # include <unistd.h>
| #endif
| #include <stropts.h>
configure:13841: result: no
configure:13841: checking stropts.h presence
configure:13841: gcc -E  conftest.c
conftest.c:34:21: error: stropts.h: No such file or directory
configure:13841: $? = 1
configure: failed program was:
| /* confdefs.h */
| #define PACKAGE_NAME "vte"
| #define PACKAGE_TARNAME "vte"
| #define PACKAGE_VERSION "0.32.2"
| #define PACKAGE_STRING "vte 0.32.2"
| #define PACKAGE_BUGREPORT "http://bugzilla.gnome.org/enter_bug.cgi?product=vte"
| #define PACKAGE_URL ""
| #define PACKAGE "vte"
| #define VERSION "0.32.2"
| #define STDC_HEADERS 1
| #define HAVE_SYS_TYPES_H 1
| #define HAVE_SYS_STAT_H 1
| #define HAVE_STDLIB_H 1
| #define HAVE_STRING_H 1
| #define HAVE_MEMORY_H 1
| #define HAVE_STRINGS_H 1
| #define HAVE_INTTYPES_H 1
| #define HAVE_STDINT_H 1
| #define HAVE_UNISTD_H 1
| #define HAVE_DLFCN_H 1
| #define LT_OBJDIR ".libs/"
| #define GETTEXT_PACKAGE "vte-2.90"
| #define HAVE_LOCALE_H 1
| #define HAVE_LC_MESSAGES 1
| #define HAVE_DECL_BIND_TEXTDOMAIN_CODESET 0
| #define GDK_MULTIHEAD_SAFE 1
| #define VTE_DEFAULT_EMULATION "xterm"
| #define HAVE_SYS_SELECT_H 1
| #define HAVE_SYS_SYSLIMITS_H 1
| #define HAVE_SYS_TERMIOS_H 1
| #define HAVE_SYS_UN_H 1
| #define HAVE_SYS_WAIT_H 1
| /* end confdefs.h.  */
| #include <stropts.h>
configure:13841: result: no
configure:13841: checking for stropts.h
configure:13841: result: no
configure:13841: checking termios.h usability
configure:13841: gcc -c -g -O2 -Wall -Wextra -Wformat-nonliteral -Werror=format-security -Wsign-compare -Werror=implicit-function-declaration -Wpointer-arith -Wwrite-strings -Wstrict-prototypes -Waggregate-return -Wcast-align -Wimplicit -Wuninitialized -Wmissing-prototypes -Wmissing-declarations -Wnested-externs -Wpacked -Wmissing-format-attribute -Wshadow -Wstrict-aliasing=2 -Winit-self -Wunsafe-loop-optimizations -Wdeclaration-after-statement -Wold-style-definition -Wno-missing-field-initializers -Wno-unused-parameter -fno-common -Wno-switch-enum  conftest.c >&5
configure:13841: $? = 0
configure:13841: result: yes
configure:13841: checking termios.h presence
configure:13841: gcc -E  conftest.c
configure:13841: $? = 0
configure:13841: result: yes
configure:13841: checking for termios.h
configure:13841: result: yes
configure:13841: checking util.h usability
configure:13841: gcc -c -g -O2 -Wall -Wextra -Wformat-nonliteral -Werror=format-security -Wsign-compare -Werror=implicit-function-declaration -Wpointer-arith -Wwrite-strings -Wstrict-prototypes -Waggregate-return -Wcast-align -Wimplicit -Wuninitialized -Wmissing-prototypes -Wmissing-declarations -Wnested-externs -Wpacked -Wmissing-format-attribute -Wshadow -Wstrict-aliasing=2 -Winit-self -Wunsafe-loop-optimizations -Wdeclaration-after-statement -Wold-style-definition -Wno-missing-field-initializers -Wno-unused-parameter -fno-common -Wno-switch-enum  conftest.c >&5
configure:13841: $? = 0
configure:13841: result: yes
configure:13841: checking util.h presence
configure:13841: gcc -E  conftest.c
configure:13841: $? = 0
configure:13841: result: yes
configure:13841: checking for util.h
configure:13841: result: yes
configure:13841: checking wchar.h usability
configure:13841: gcc -c -g -O2 -Wall -Wextra -Wformat-nonliteral -Werror=format-security -Wsign-compare -Werror=implicit-function-declaration -Wpointer-arith -Wwrite-strings -Wstrict-prototypes -Waggregate-return -Wcast-align -Wimplicit -Wuninitialized -Wmissing-prototypes -Wmissing-declarations -Wnested-externs -Wpacked -Wmissing-format-attribute -Wshadow -Wstrict-aliasing=2 -Winit-self -Wunsafe-loop-optimizations -Wdeclaration-after-statement -Wold-style-definition -Wno-missing-field-initializers -Wno-unused-parameter -fno-common -Wno-switch-enum  conftest.c >&5
configure:13841: $? = 0
configure:13841: result: yes
configure:13841: checking wchar.h presence
configure:13841: gcc -E  conftest.c
configure:13841: $? = 0
configure:13841: result: yes
configure:13841: checking for wchar.h
configure:13841: result: yes
configure:13851: checking whether termios.h defines TIOCGWINSZ
configure:13874: result: yes
configure:13916: checking for cfmakeraw
configure:13916: gcc -o conftest -g -O2 -Wall -Wextra -Wformat-nonliteral -Werror=format-security -Wsign-compare -Werror=implicit-function-declaration -Wpointer-arith -Wwrite-strings -Wstrict-prototypes -Waggregate-return -Wcast-align -Wimplicit -Wuninitialized -Wmissing-prototypes -Wmissing-declarations -Wnested-externs -Wpacked -Wmissing-format-attribute -Wshadow -Wstrict-aliasing=2 -Winit-self -Wunsafe-loop-optimizations -Wdeclaration-after-statement -Wold-style-definition -Wno-missing-field-initializers -Wno-unused-parameter -fno-common -Wno-switch-enum   conftest.c  >&5
conftest.c:60: warning: function declaration isn't a prototype
conftest.c:70: warning: function declaration isn't a prototype
conftest.c: In function 'main':
conftest.c:70: warning: old-style function definition
configure:13916: $? = 0
configure:13916: result: yes
configure:13916: checking for fork
configure:13916: gcc -o conftest -g -O2 -Wall -Wextra -Wformat-nonliteral -Werror=format-security -Wsign-compare -Werror=implicit-function-declaration -Wpointer-arith -Wwrite-strings -Wstrict-prototypes -Waggregate-return -Wcast-align -Wimplicit -Wuninitialized -Wmissing-prototypes -Wmissing-declarations -Wnested-externs -Wpacked -Wmissing-format-attribute -Wshadow -Wstrict-aliasing=2 -Winit-self -Wunsafe-loop-optimizations -Wdeclaration-after-statement -Wold-style-definition -Wno-missing-field-initializers -Wno-unused-parameter -fno-common -Wno-switch-enum   conftest.c  >&5
conftest.c:61: warning: function declaration isn't a prototype
conftest.c:61: warning: conflicting types for built-in function 'fork'
conftest.c:71: warning: function declaration isn't a prototype
conftest.c: In function 'main':
conftest.c:71: warning: old-style function definition
configure:13916: $? = 0
configure:13916: result: yes
configure:13916: checking for setsid
configure:13916: gcc -o conftest -g -O2 -Wall -Wextra -Wformat-nonliteral -Werror=format-security -Wsign-compare -Werror=implicit-function-declaration -Wpointer-arith -Wwrite-strings -Wstrict-prototypes -Waggregate-return -Wcast-align -Wimplicit -Wuninitialized -Wmissing-prototypes -Wmissing-declarations -Wnested-externs -Wpacked -Wmissing-format-attribute -Wshadow -Wstrict-aliasing=2 -Winit-self -Wunsafe-loop-optimizations -Wdeclaration-after-statement -Wold-style-definition -Wno-missing-field-initializers -Wno-unused-parameter -fno-common -Wno-switch-enum   conftest.c  >&5
conftest.c:62: warning: function declaration isn't a prototype
conftest.c:72: warning: function declaration isn't a prototype
conftest.c: In function 'main':
conftest.c:72: warning: old-style function definition
configure:13916: $? = 0
configure:13916: result: yes
configure:13916: checking for setpgid
configure:13916: gcc -o conftest -g -O2 -Wall -Wextra -Wformat-nonliteral -Werror=format-security -Wsign-compare -Werror=implicit-function-declaration -Wpointer-arith -Wwrite-strings -Wstrict-prototypes -Waggregate-return -Wcast-align -Wimplicit -Wuninitialized -Wmissing-prototypes -Wmissing-declarations -Wnested-externs -Wpacked -Wmissing-format-attribute -Wshadow -Wstrict-aliasing=2 -Winit-self -Wunsafe-loop-optimizations -Wdeclaration-after-statement -Wold-style-definition -Wno-missing-field-initializers -Wno-unused-parameter -fno-common -Wno-switch-enum   conftest.c  >&5
conftest.c:63: warning: function declaration isn't a prototype
conftest.c:73: warning: function declaration isn't a prototype
conftest.c: In function 'main':
conftest.c:73: warning: old-style function definition
configure:13916: $? = 0
configure:13916: result: yes
configure:13916: checking for getpgid
configure:13916: gcc -o conftest -g -O2 -Wall -Wextra -Wformat-nonliteral -Werror=format-security -Wsign-compare -Werror=implicit-function-declaration -Wpointer-arith -Wwrite-strings -Wstrict-prototypes -Waggregate-return -Wcast-align -Wimplicit -Wuninitialized -Wmissing-prototypes -Wmissing-declarations -Wnested-externs -Wpacked -Wmissing-format-attribute -Wshadow -Wstrict-aliasing=2 -Winit-self -Wunsafe-loop-optimizations -Wdeclaration-after-statement -Wold-style-definition -Wno-missing-field-initializers -Wno-unused-parameter -fno-common -Wno-switch-enum   conftest.c  >&5
conftest.c:64: warning: function declaration isn't a prototype
conftest.c:74: warning: function declaration isn't a prototype
conftest.c: In function 'main':
conftest.c:74: warning: old-style function definition
configure:13916: $? = 0
configure:13916: result: yes
configure:13916: checking for getpt
configure:13916: gcc -o conftest -g -O2 -Wall -Wextra -Wformat-nonliteral -Werror=format-security -Wsign-compare -Werror=implicit-function-declaration -Wpointer-arith -Wwrite-strings -Wstrict-prototypes -Waggregate-return -Wcast-align -Wimplicit -Wuninitialized -Wmissing-prototypes -Wmissing-declarations -Wnested-externs -Wpacked -Wmissing-format-attribute -Wshadow -Wstrict-aliasing=2 -Winit-self -Wunsafe-loop-optimizations -Wdeclaration-after-statement -Wold-style-definition -Wno-missing-field-initializers -Wno-unused-parameter -fno-common -Wno-switch-enum   conftest.c  >&5
conftest.c:65: warning: function declaration isn't a prototype
conftest.c:75: warning: function declaration isn't a prototype
conftest.c: In function 'main':
conftest.c:75: warning: old-style function definition
Undefined symbols for architecture x86_64:
  "_getpt", referenced from:
      _main in cc31vAVm.o
ld: symbol(s) not found for architecture x86_64
collect2: ld returned 1 exit status
configure:13916: $? = 1
configure: failed program was:
| /* confdefs.h */
| #define PACKAGE_NAME "vte"
| #define PACKAGE_TARNAME "vte"
| #define PACKAGE_VERSION "0.32.2"
| #define PACKAGE_STRING "vte 0.32.2"
| #define PACKAGE_BUGREPORT "http://bugzilla.gnome.org/enter_bug.cgi?product=vte"
| #define PACKAGE_URL ""
| #define PACKAGE "vte"
| #define VERSION "0.32.2"
| #define STDC_HEADERS 1
| #define HAVE_SYS_TYPES_H 1
| #define HAVE_SYS_STAT_H 1
| #define HAVE_STDLIB_H 1
| #define HAVE_STRING_H 1
| #define HAVE_MEMORY_H 1
| #define HAVE_STRINGS_H 1
| #define HAVE_INTTYPES_H 1
| #define HAVE_STDINT_H 1
| #define HAVE_UNISTD_H 1
| #define HAVE_DLFCN_H 1
| #define LT_OBJDIR ".libs/"
| #define GETTEXT_PACKAGE "vte-2.90"
| #define HAVE_LOCALE_H 1
| #define HAVE_LC_MESSAGES 1
| #define HAVE_DECL_BIND_TEXTDOMAIN_CODESET 0
| #define GDK_MULTIHEAD_SAFE 1
| #define VTE_DEFAULT_EMULATION "xterm"
| #define HAVE_SYS_SELECT_H 1
| #define HAVE_SYS_SYSLIMITS_H 1
| #define HAVE_SYS_TERMIOS_H 1
| #define HAVE_SYS_UN_H 1
| #define HAVE_SYS_WAIT_H 1
| #define HAVE_TERMIOS_H 1
| #define HAVE_UTIL_H 1
| #define HAVE_WCHAR_H 1
| #define HAVE_CFMAKERAW 1
| #define HAVE_FORK 1
| #define HAVE_SETSID 1
| #define HAVE_SETPGID 1
| #define HAVE_GETPGID 1
| /* end confdefs.h.  */
| /* Define getpt to an innocuous variant, in case <limits.h> declares getpt.
|    For example, HP-UX 11i <limits.h> declares gettimeofday.  */
| #define getpt innocuous_getpt
| 
| /* System header to define __stub macros and hopefully few prototypes,
|     which can conflict with char getpt (); below.
|     Prefer <limits.h> to <assert.h> if __STDC__ is defined, since
|     <limits.h> exists even on freestanding compilers.  */
| 
| #ifdef __STDC__
| # include <limits.h>
| #else
| # include <assert.h>
| #endif
| 
| #undef getpt
| 
| /* Override any GCC internal prototype to avoid an error.
|    Use char because int might match the return type of a GCC
|    builtin and then its argument prototype would still apply.  */
| #ifdef __cplusplus
| extern "C"
| #endif
| char getpt ();
| /* The GNU C library defines this for functions which it implements
|     to always fail with ENOSYS.  Some functions are actually named
|     something starting with __ and the normal name is an alias.  */
| #if defined __stub_getpt || defined __stub___getpt
| choke me
| #endif
| 
| int
| main ()
| {
| return getpt ();
|   ;
|   return 0;
| }
configure:13916: result: no
configure:13916: checking for grantpt
configure:13916: gcc -o conftest -g -O2 -Wall -Wextra -Wformat-nonliteral -Werror=format-security -Wsign-compare -Werror=implicit-function-declaration -Wpointer-arith -Wwrite-strings -Wstrict-prototypes -Waggregate-return -Wcast-align -Wimplicit -Wuninitialized -Wmissing-prototypes -Wmissing-declarations -Wnested-externs -Wpacked -Wmissing-format-attribute -Wshadow -Wstrict-aliasing=2 -Winit-self -Wunsafe-loop-optimizations -Wdeclaration-after-statement -Wold-style-definition -Wno-missing-field-initializers -Wno-unused-parameter -fno-common -Wno-switch-enum   conftest.c  >&5
conftest.c:65: warning: function declaration isn't a prototype
conftest.c:75: warning: function declaration isn't a prototype
conftest.c: In function 'main':
conftest.c:75: warning: old-style function definition
configure:13916: $? = 0
configure:13916: result: yes
configure:13916: checking for unlockpt
configure:13916: gcc -o conftest -g -O2 -Wall -Wextra -Wformat-nonliteral -Werror=format-security -Wsign-compare -Werror=implicit-function-declaration -Wpointer-arith -Wwrite-strings -Wstrict-prototypes -Waggregate-return -Wcast-align -Wimplicit -Wuninitialized -Wmissing-prototypes -Wmissing-declarations -Wnested-externs -Wpacked -Wmissing-format-attribute -Wshadow -Wstrict-aliasing=2 -Winit-self -Wunsafe-loop-optimizations -Wdeclaration-after-statement -Wold-style-definition -Wno-missing-field-initializers -Wno-unused-parameter -fno-common -Wno-switch-enum   conftest.c  >&5
conftest.c:66: warning: function declaration isn't a prototype
conftest.c:76: warning: function declaration isn't a prototype
conftest.c: In function 'main':
conftest.c:76: warning: old-style function definition
configure:13916: $? = 0
configure:13916: result: yes
configure:13916: checking for ptsname
configure:13916: gcc -o conftest -g -O2 -Wall -Wextra -Wformat-nonliteral -Werror=format-security -Wsign-compare -Werror=implicit-function-declaration -Wpointer-arith -Wwrite-strings -Wstrict-prototypes -Waggregate-return -Wcast-align -Wimplicit -Wuninitialized -Wmissing-prototypes -Wmissing-declarations -Wnested-externs -Wpacked -Wmissing-format-attribute -Wshadow -Wstrict-aliasing=2 -Winit-self -Wunsafe-loop-optimizations -Wdeclaration-after-statement -Wold-style-definition -Wno-missing-field-initializers -Wno-unused-parameter -fno-common -Wno-switch-enum   conftest.c  >&5
conftest.c:67: warning: function declaration isn't a prototype
conftest.c:77: warning: function declaration isn't a prototype
conftest.c: In function 'main':
conftest.c:77: warning: old-style function definition
configure:13916: $? = 0
configure:13916: result: yes
configure:13916: checking for ptsname_r
configure:13916: gcc -o conftest -g -O2 -Wall -Wextra -Wformat-nonliteral -Werror=format-security -Wsign-compare -Werror=implicit-function-declaration -Wpointer-arith -Wwrite-strings -Wstrict-prototypes -Waggregate-return -Wcast-align -Wimplicit -Wuninitialized -Wmissing-prototypes -Wmissing-declarations -Wnested-externs -Wpacked -Wmissing-format-attribute -Wshadow -Wstrict-aliasing=2 -Winit-self -Wunsafe-loop-optimizations -Wdeclaration-after-statement -Wold-style-definition -Wno-missing-field-initializers -Wno-unused-parameter -fno-common -Wno-switch-enum   conftest.c  >&5
conftest.c:68: warning: function declaration isn't a prototype
conftest.c:78: warning: function declaration isn't a prototype
conftest.c: In function 'main':
conftest.c:78: warning: old-style function definition
Undefined symbols for architecture x86_64:
  "_ptsname_r", referenced from:
      _main in ccdFLpZj.o
ld: symbol(s) not found for architecture x86_64
collect2: ld returned 1 exit status
configure:13916: $? = 1
configure: failed program was:
| /* confdefs.h */
| #define PACKAGE_NAME "vte"
| #define PACKAGE_TARNAME "vte"
| #define PACKAGE_VERSION "0.32.2"
| #define PACKAGE_STRING "vte 0.32.2"
| #define PACKAGE_BUGREPORT "http://bugzilla.gnome.org/enter_bug.cgi?product=vte"
| #define PACKAGE_URL ""
| #define PACKAGE "vte"
| #define VERSION "0.32.2"
| #define STDC_HEADERS 1
| #define HAVE_SYS_TYPES_H 1
| #define HAVE_SYS_STAT_H 1
| #define HAVE_STDLIB_H 1
| #define HAVE_STRING_H 1
| #define HAVE_MEMORY_H 1
| #define HAVE_STRINGS_H 1
| #define HAVE_INTTYPES_H 1
| #define HAVE_STDINT_H 1
| #define HAVE_UNISTD_H 1
| #define HAVE_DLFCN_H 1
| #define LT_OBJDIR ".libs/"
| #define GETTEXT_PACKAGE "vte-2.90"
| #define HAVE_LOCALE_H 1
| #define HAVE_LC_MESSAGES 1
| #define HAVE_DECL_BIND_TEXTDOMAIN_CODESET 0
| #define GDK_MULTIHEAD_SAFE 1
| #define VTE_DEFAULT_EMULATION "xterm"
| #define HAVE_SYS_SELECT_H 1
| #define HAVE_SYS_SYSLIMITS_H 1
| #define HAVE_SYS_TERMIOS_H 1
| #define HAVE_SYS_UN_H 1
| #define HAVE_SYS_WAIT_H 1
| #define HAVE_TERMIOS_H 1
| #define HAVE_UTIL_H 1
| #define HAVE_WCHAR_H 1
| #define HAVE_CFMAKERAW 1
| #define HAVE_FORK 1
| #define HAVE_SETSID 1
| #define HAVE_SETPGID 1
| #define HAVE_GETPGID 1
| #define HAVE_GRANTPT 1
| #define HAVE_UNLOCKPT 1
| #define HAVE_PTSNAME 1
| /* end confdefs.h.  */
| /* Define ptsname_r to an innocuous variant, in case <limits.h> declares ptsname_r.
|    For example, HP-UX 11i <limits.h> declares gettimeofday.  */
| #define ptsname_r innocuous_ptsname_r
| 
| /* System header to define __stub macros and hopefully few prototypes,
|     which can conflict with char ptsname_r (); below.
|     Prefer <limits.h> to <assert.h> if __STDC__ is defined, since
|     <limits.h> exists even on freestanding compilers.  */
| 
| #ifdef __STDC__
| # include <limits.h>
| #else
| # include <assert.h>
| #endif
| 
| #undef ptsname_r
| 
| /* Override any GCC internal prototype to avoid an error.
|    Use char because int might match the return type of a GCC
|    builtin and then its argument prototype would still apply.  */
| #ifdef __cplusplus
| extern "C"
| #endif
| char ptsname_r ();
| /* The GNU C library defines this for functions which it implements
|     to always fail with ENOSYS.  Some functions are actually named
|     something starting with __ and the normal name is an alias.  */
| #if defined __stub_ptsname_r || defined __stub___ptsname_r
| choke me
| #endif
| 
| int
| main ()
| {
| return ptsname_r ();
|   ;
|   return 0;
| }
configure:13916: result: no
configure:13916: checking for tcgetattr
configure:13916: gcc -o conftest -g -O2 -Wall -Wextra -Wformat-nonliteral -Werror=format-security -Wsign-compare -Werror=implicit-function-declaration -Wpointer-arith -Wwrite-strings -Wstrict-prototypes -Waggregate-return -Wcast-align -Wimplicit -Wuninitialized -Wmissing-prototypes -Wmissing-declarations -Wnested-externs -Wpacked -Wmissing-format-attribute -Wshadow -Wstrict-aliasing=2 -Winit-self -Wunsafe-loop-optimizations -Wdeclaration-after-statement -Wold-style-definition -Wno-missing-field-initializers -Wno-unused-parameter -fno-common -Wno-switch-enum   conftest.c  >&5
conftest.c:68: warning: function declaration isn't a prototype
conftest.c:78: warning: function declaration isn't a prototype
conftest.c: In function 'main':
conftest.c:78: warning: old-style function definition
configure:13916: $? = 0
configure:13916: result: yes
configure:13916: checking for tcsetattr
configure:13916: gcc -o conftest -g -O2 -Wall -Wextra -Wformat-nonliteral -Werror=format-security -Wsign-compare -Werror=implicit-function-declaration -Wpointer-arith -Wwrite-strings -Wstrict-prototypes -Waggregate-return -Wcast-align -Wimplicit -Wuninitialized -Wmissing-prototypes -Wmissing-declarations -Wnested-externs -Wpacked -Wmissing-format-attribute -Wshadow -Wstrict-aliasing=2 -Winit-self -Wunsafe-loop-optimizations -Wdeclaration-after-statement -Wold-style-definition -Wno-missing-field-initializers -Wno-unused-parameter -fno-common -Wno-switch-enum   conftest.c  >&5
conftest.c:69: warning: function declaration isn't a prototype
conftest.c:79: warning: function declaration isn't a prototype
conftest.c: In function 'main':
conftest.c:79: warning: old-style function definition
configure:13916: $? = 0
configure:13916: result: yes
configure:13928: checking for socket
configure:13928: gcc -o conftest -g -O2 -Wall -Wextra -Wformat-nonliteral -Werror=format-security -Wsign-compare -Werror=implicit-function-declaration -Wpointer-arith -Wwrite-strings -Wstrict-prototypes -Waggregate-return -Wcast-align -Wimplicit -Wuninitialized -Wmissing-prototypes -Wmissing-declarations -Wnested-externs -Wpacked -Wmissing-format-attribute -Wshadow -Wstrict-aliasing=2 -Winit-self -Wunsafe-loop-optimizations -Wdeclaration-after-statement -Wold-style-definition -Wno-missing-field-initializers -Wno-unused-parameter -fno-common -Wno-switch-enum   conftest.c  >&5
conftest.c:70: warning: function declaration isn't a prototype
conftest.c:80: warning: function declaration isn't a prototype
conftest.c: In function 'main':
conftest.c:80: warning: old-style function definition
configure:13928: $? = 0
configure:13928: result: yes
configure:13974: checking for socketpair
configure:13974: gcc -o conftest -g -O2 -Wall -Wextra -Wformat-nonliteral -Werror=format-security -Wsign-compare -Werror=implicit-function-declaration -Wpointer-arith -Wwrite-strings -Wstrict-prototypes -Waggregate-return -Wcast-align -Wimplicit -Wuninitialized -Wmissing-prototypes -Wmissing-declarations -Wnested-externs -Wpacked -Wmissing-format-attribute -Wshadow -Wstrict-aliasing=2 -Winit-self -Wunsafe-loop-optimizations -Wdeclaration-after-statement -Wold-style-definition -Wno-missing-field-initializers -Wno-unused-parameter -fno-common -Wno-switch-enum   conftest.c  >&5
conftest.c:70: warning: function declaration isn't a prototype
conftest.c:80: warning: function declaration isn't a prototype
conftest.c: In function 'main':
conftest.c:80: warning: old-style function definition
configure:13974: $? = 0
configure:13974: result: yes
configure:14020: checking for recvmsg
configure:14020: gcc -o conftest -g -O2 -Wall -Wextra -Wformat-nonliteral -Werror=format-security -Wsign-compare -Werror=implicit-function-declaration -Wpointer-arith -Wwrite-strings -Wstrict-prototypes -Waggregate-return -Wcast-align -Wimplicit -Wuninitialized -Wmissing-prototypes -Wmissing-declarations -Wnested-externs -Wpacked -Wmissing-format-attribute -Wshadow -Wstrict-aliasing=2 -Winit-self -Wunsafe-loop-optimizations -Wdeclaration-after-statement -Wold-style-definition -Wno-missing-field-initializers -Wno-unused-parameter -fno-common -Wno-switch-enum   conftest.c  >&5
conftest.c:70: warning: function declaration isn't a prototype
conftest.c:80: warning: function declaration isn't a prototype
conftest.c: In function 'main':
conftest.c:80: warning: old-style function definition
configure:14020: $? = 0
configure:14020: result: yes
configure:14066: checking for openpty
configure:14066: gcc -o conftest -g -O2 -Wall -Wextra -Wformat-nonliteral -Werror=format-security -Wsign-compare -Werror=implicit-function-declaration -Wpointer-arith -Wwrite-strings -Wstrict-prototypes -Waggregate-return -Wcast-align -Wimplicit -Wuninitialized -Wmissing-prototypes -Wmissing-declarations -Wnested-externs -Wpacked -Wmissing-format-attribute -Wshadow -Wstrict-aliasing=2 -Winit-self -Wunsafe-loop-optimizations -Wdeclaration-after-statement -Wold-style-definition -Wno-missing-field-initializers -Wno-unused-parameter -fno-common -Wno-switch-enum   conftest.c  >&5
conftest.c:70: warning: function declaration isn't a prototype
conftest.c:80: warning: function declaration isn't a prototype
conftest.c: In function 'main':
conftest.c:80: warning: old-style function definition
configure:14066: $? = 0
configure:14066: result: yes
configure:14132: checking for floor
configure:14132: gcc -o conftest -g -O2 -Wall -Wextra -Wformat-nonliteral -Werror=format-security -Wsign-compare -Werror=implicit-function-declaration -Wpointer-arith -Wwrite-strings -Wstrict-prototypes -Waggregate-return -Wcast-align -Wimplicit -Wuninitialized -Wmissing-prototypes -Wmissing-declarations -Wnested-externs -Wpacked -Wmissing-format-attribute -Wshadow -Wstrict-aliasing=2 -Winit-self -Wunsafe-loop-optimizations -Wdeclaration-after-statement -Wold-style-definition -Wno-missing-field-initializers -Wno-unused-parameter -fno-common -Wno-switch-enum   conftest.c  >&5
conftest.c:74: warning: function declaration isn't a prototype
conftest.c:74: warning: conflicting types for built-in function 'floor'
conftest.c:84: warning: function declaration isn't a prototype
conftest.c: In function 'main':
conftest.c:84: warning: old-style function definition
configure:14132: $? = 0
configure:14132: result: yes
configure:14181: checking for ceil
configure:14181: gcc -o conftest -g -O2 -Wall -Wextra -Wformat-nonliteral -Werror=format-security -Wsign-compare -Werror=implicit-function-declaration -Wpointer-arith -Wwrite-strings -Wstrict-prototypes -Waggregate-return -Wcast-align -Wimplicit -Wuninitialized -Wmissing-prototypes -Wmissing-declarations -Wnested-externs -Wpacked -Wmissing-format-attribute -Wshadow -Wstrict-aliasing=2 -Winit-self -Wunsafe-loop-optimizations -Wdeclaration-after-statement -Wold-style-definition -Wno-missing-field-initializers -Wno-unused-parameter -fno-common -Wno-switch-enum   conftest.c  >&5
conftest.c:74: warning: function declaration isn't a prototype
conftest.c:74: warning: conflicting types for built-in function 'ceil'
conftest.c:84: warning: function declaration isn't a prototype
conftest.c: In function 'main':
conftest.c:84: warning: old-style function definition
configure:14181: $? = 0
configure:14181: result: yes
configure:14181: checking for floor
configure:14181: result: yes
configure:14181: checking for round
configure:14181: gcc -o conftest -g -O2 -Wall -Wextra -Wformat-nonliteral -Werror=format-security -Wsign-compare -Werror=implicit-function-declaration -Wpointer-arith -Wwrite-strings -Wstrict-prototypes -Waggregate-return -Wcast-align -Wimplicit -Wuninitialized -Wmissing-prototypes -Wmissing-declarations -Wnested-externs -Wpacked -Wmissing-format-attribute -Wshadow -Wstrict-aliasing=2 -Winit-self -Wunsafe-loop-optimizations -Wdeclaration-after-statement -Wold-style-definition -Wno-missing-field-initializers -Wno-unused-parameter -fno-common -Wno-switch-enum   conftest.c  >&5
conftest.c:76: warning: function declaration isn't a prototype
conftest.c:76: warning: conflicting types for built-in function 'round'
conftest.c:86: warning: function declaration isn't a prototype
conftest.c: In function 'main':
conftest.c:86: warning: old-style function definition
configure:14181: $? = 0
configure:14181: result: yes
configure:14193: checking for tgetent
configure:14193: gcc -o conftest -g -O2 -Wall -Wextra -Wformat-nonliteral -Werror=format-security -Wsign-compare -Werror=implicit-function-declaration -Wpointer-arith -Wwrite-strings -Wstrict-prototypes -Waggregate-return -Wcast-align -Wimplicit -Wuninitialized -Wmissing-prototypes -Wmissing-declarations -Wnested-externs -Wpacked -Wmissing-format-attribute -Wshadow -Wstrict-aliasing=2 -Winit-self -Wunsafe-loop-optimizations -Wdeclaration-after-statement -Wold-style-definition -Wno-missing-field-initializers -Wno-unused-parameter -fno-common -Wno-switch-enum   conftest.c  >&5
conftest.c:77: warning: function declaration isn't a prototype
conftest.c:87: warning: function declaration isn't a prototype
conftest.c: In function 'main':
conftest.c:87: warning: old-style function definition
Undefined symbols for architecture x86_64:
  "_tgetent", referenced from:
      _main in cccICdfB.o
ld: symbol(s) not found for architecture x86_64
collect2: ld returned 1 exit status
configure:14193: $? = 1
configure: failed program was:
| /* confdefs.h */
| #define PACKAGE_NAME "vte"
| #define PACKAGE_TARNAME "vte"
| #define PACKAGE_VERSION "0.32.2"
| #define PACKAGE_STRING "vte 0.32.2"
| #define PACKAGE_BUGREPORT "http://bugzilla.gnome.org/enter_bug.cgi?product=vte"
| #define PACKAGE_URL ""
| #define PACKAGE "vte"
| #define VERSION "0.32.2"
| #define STDC_HEADERS 1
| #define HAVE_SYS_TYPES_H 1
| #define HAVE_SYS_STAT_H 1
| #define HAVE_STDLIB_H 1
| #define HAVE_STRING_H 1
| #define HAVE_MEMORY_H 1
| #define HAVE_STRINGS_H 1
| #define HAVE_INTTYPES_H 1
| #define HAVE_STDINT_H 1
| #define HAVE_UNISTD_H 1
| #define HAVE_DLFCN_H 1
| #define LT_OBJDIR ".libs/"
| #define GETTEXT_PACKAGE "vte-2.90"
| #define HAVE_LOCALE_H 1
| #define HAVE_LC_MESSAGES 1
| #define HAVE_DECL_BIND_TEXTDOMAIN_CODESET 0
| #define GDK_MULTIHEAD_SAFE 1
| #define VTE_DEFAULT_EMULATION "xterm"
| #define HAVE_SYS_SELECT_H 1
| #define HAVE_SYS_SYSLIMITS_H 1
| #define HAVE_SYS_TERMIOS_H 1
| #define HAVE_SYS_UN_H 1
| #define HAVE_SYS_WAIT_H 1
| #define HAVE_TERMIOS_H 1
| #define HAVE_UTIL_H 1
| #define HAVE_WCHAR_H 1
| #define HAVE_CFMAKERAW 1
| #define HAVE_FORK 1
| #define HAVE_SETSID 1
| #define HAVE_SETPGID 1
| #define HAVE_GETPGID 1
| #define HAVE_GRANTPT 1
| #define HAVE_UNLOCKPT 1
| #define HAVE_PTSNAME 1
| #define HAVE_TCGETATTR 1
| #define HAVE_TCSETATTR 1
| #define HAVE_SOCKET 1
| #define HAVE_SOCKETPAIR 1
| #define HAVE_RECVMSG 1
| #define HAVE_OPENPTY 1
| #define HAVE_CEIL 1
| #define HAVE_FLOOR 1
| #define HAVE_ROUND 1
| /* end confdefs.h.  */
| /* Define tgetent to an innocuous variant, in case <limits.h> declares tgetent.
|    For example, HP-UX 11i <limits.h> declares gettimeofday.  */
| #define tgetent innocuous_tgetent
| 
| /* System header to define __stub macros and hopefully few prototypes,
|     which can conflict with char tgetent (); below.
|     Prefer <limits.h> to <assert.h> if __STDC__ is defined, since
|     <limits.h> exists even on freestanding compilers.  */
| 
| #ifdef __STDC__
| # include <limits.h>
| #else
| # include <assert.h>
| #endif
| 
| #undef tgetent
| 
| /* Override any GCC internal prototype to avoid an error.
|    Use char because int might match the return type of a GCC
|    builtin and then its argument prototype would still apply.  */
| #ifdef __cplusplus
| extern "C"
| #endif
| char tgetent ();
| /* The GNU C library defines this for functions which it implements
|     to always fail with ENOSYS.  Some functions are actually named
|     something starting with __ and the normal name is an alias.  */
| #if defined __stub_tgetent || defined __stub___tgetent
| choke me
| #endif
| 
| int
| main ()
| {
| return tgetent ();
|   ;
|   return 0;
| }
configure:14193: result: no
configure:14197: checking for tgetent in -lncurses
configure:14222: gcc -o conftest -g -O2 -Wall -Wextra -Wformat-nonliteral -Werror=format-security -Wsign-compare -Werror=implicit-function-declaration -Wpointer-arith -Wwrite-strings -Wstrict-prototypes -Waggregate-return -Wcast-align -Wimplicit -Wuninitialized -Wmissing-prototypes -Wmissing-declarations -Wnested-externs -Wpacked -Wmissing-format-attribute -Wshadow -Wstrict-aliasing=2 -Winit-self -Wunsafe-loop-optimizations -Wdeclaration-after-statement -Wold-style-definition -Wno-missing-field-initializers -Wno-unused-parameter -fno-common -Wno-switch-enum   conftest.c -lncurses   >&5
conftest.c:61: warning: function declaration isn't a prototype
conftest.c:64: warning: function declaration isn't a prototype
conftest.c: In function 'main':
conftest.c:64: warning: old-style function definition
configure:14222: $? = 0
configure:14231: result: yes
configure:14372: checking ncurses.h usability
configure:14372: gcc -c -g -O2 -Wall -Wextra -Wformat-nonliteral -Werror=format-security -Wsign-compare -Werror=implicit-function-declaration -Wpointer-arith -Wwrite-strings -Wstrict-prototypes -Waggregate-return -Wcast-align -Wimplicit -Wuninitialized -Wmissing-prototypes -Wmissing-declarations -Wnested-externs -Wpacked -Wmissing-format-attribute -Wshadow -Wstrict-aliasing=2 -Winit-self -Wunsafe-loop-optimizations -Wdeclaration-after-statement -Wold-style-definition -Wno-missing-field-initializers -Wno-unused-parameter -fno-common -Wno-switch-enum  conftest.c >&5
configure:14372: $? = 0
configure:14372: result: yes
configure:14372: checking ncurses.h presence
configure:14372: gcc -E  conftest.c
configure:14372: $? = 0
configure:14372: result: yes
configure:14372: checking for ncurses.h
configure:14372: result: yes
configure:14372: checking term.h usability
configure:14372: gcc -c -g -O2 -Wall -Wextra -Wformat-nonliteral -Werror=format-security -Wsign-compare -Werror=implicit-function-declaration -Wpointer-arith -Wwrite-strings -Wstrict-prototypes -Waggregate-return -Wcast-align -Wimplicit -Wuninitialized -Wmissing-prototypes -Wmissing-declarations -Wnested-externs -Wpacked -Wmissing-format-attribute -Wshadow -Wstrict-aliasing=2 -Winit-self -Wunsafe-loop-optimizations -Wdeclaration-after-statement -Wold-style-definition -Wno-missing-field-initializers -Wno-unused-parameter -fno-common -Wno-switch-enum  conftest.c >&5
configure:14372: $? = 0
configure:14372: result: yes
configure:14372: checking term.h presence
configure:14372: gcc -E  conftest.c
configure:14372: $? = 0
configure:14372: result: yes
configure:14372: checking for term.h
configure:14372: result: yes
configure:14476: checking for GDK targets
configure:14479: result: x11
configure:14491: checking for VTE
configure:14498: $PKG_CONFIG --exists --print-errors "$VTE_PKGS"
configure:14501: $? = 0
configure:14514: $PKG_CONFIG --exists --print-errors "$VTE_PKGS"
configure:14517: $? = 0
configure:14576: result: yes
configure:14598: checking for wint_t
configure:14598: gcc -c -g -O2 -Wall -Wextra -Wformat-nonliteral -Werror=format-security -Wsign-compare -Werror=implicit-function-declaration -Wpointer-arith -Wwrite-strings -Wstrict-prototypes -Waggregate-return -Wcast-align -Wimplicit -Wuninitialized -Wmissing-prototypes -Wmissing-declarations -Wnested-externs -Wpacked -Wmissing-format-attribute -Wshadow -Wstrict-aliasing=2 -Winit-self -Wunsafe-loop-optimizations -Wdeclaration-after-statement -Wold-style-definition -Wno-missing-field-initializers -Wno-unused-parameter -fno-common -Wno-switch-enum  conftest.c >&5
conftest.c:74: warning: function declaration isn't a prototype
conftest.c: In function 'main':
conftest.c:74: warning: old-style function definition
configure:14598: $? = 0
configure:14598: gcc -c -g -O2 -Wall -Wextra -Wformat-nonliteral -Werror=format-security -Wsign-compare -Werror=implicit-function-declaration -Wpointer-arith -Wwrite-strings -Wstrict-prototypes -Waggregate-return -Wcast-align -Wimplicit -Wuninitialized -Wmissing-prototypes -Wmissing-declarations -Wnested-externs -Wpacked -Wmissing-format-attribute -Wshadow -Wstrict-aliasing=2 -Winit-self -Wunsafe-loop-optimizations -Wdeclaration-after-statement -Wold-style-definition -Wno-missing-field-initializers -Wno-unused-parameter -fno-common -Wno-switch-enum  conftest.c >&5
conftest.c:74: warning: function declaration isn't a prototype
conftest.c: In function 'main':
conftest.c:74: warning: old-style function definition
conftest.c:75: error: expected expression before ')' token
configure:14598: $? = 1
configure: failed program was:
| /* confdefs.h */
| #define PACKAGE_NAME "vte"
| #define PACKAGE_TARNAME "vte"
| #define PACKAGE_VERSION "0.32.2"
| #define PACKAGE_STRING "vte 0.32.2"
| #define PACKAGE_BUGREPORT "http://bugzilla.gnome.org/enter_bug.cgi?product=vte"
| #define PACKAGE_URL ""
| #define PACKAGE "vte"
| #define VERSION "0.32.2"
| #define STDC_HEADERS 1
| #define HAVE_SYS_TYPES_H 1
| #define HAVE_SYS_STAT_H 1
| #define HAVE_STDLIB_H 1
| #define HAVE_STRING_H 1
| #define HAVE_MEMORY_H 1
| #define HAVE_STRINGS_H 1
| #define HAVE_INTTYPES_H 1
| #define HAVE_STDINT_H 1
| #define HAVE_UNISTD_H 1
| #define HAVE_DLFCN_H 1
| #define LT_OBJDIR ".libs/"
| #define GETTEXT_PACKAGE "vte-2.90"
| #define HAVE_LOCALE_H 1
| #define HAVE_LC_MESSAGES 1
| #define HAVE_DECL_BIND_TEXTDOMAIN_CODESET 0
| #define GDK_MULTIHEAD_SAFE 1
| #define VTE_DEFAULT_EMULATION "xterm"
| #define HAVE_SYS_SELECT_H 1
| #define HAVE_SYS_SYSLIMITS_H 1
| #define HAVE_SYS_TERMIOS_H 1
| #define HAVE_SYS_UN_H 1
| #define HAVE_SYS_WAIT_H 1
| #define HAVE_TERMIOS_H 1
| #define HAVE_UTIL_H 1
| #define HAVE_WCHAR_H 1
| #define HAVE_CFMAKERAW 1
| #define HAVE_FORK 1
| #define HAVE_SETSID 1
| #define HAVE_SETPGID 1
| #define HAVE_GETPGID 1
| #define HAVE_GRANTPT 1
| #define HAVE_UNLOCKPT 1
| #define HAVE_PTSNAME 1
| #define HAVE_TCGETATTR 1
| #define HAVE_TCSETATTR 1
| #define HAVE_SOCKET 1
| #define HAVE_SOCKETPAIR 1
| #define HAVE_RECVMSG 1
| #define HAVE_OPENPTY 1
| #define HAVE_CEIL 1
| #define HAVE_FLOOR 1
| #define HAVE_ROUND 1
| #define HAVE_NCURSES_H 1
| #define HAVE_TERM_H 1
| /* end confdefs.h.  */
| 
| #ifdef HAVE_STRING_H
| # if !STDC_HEADERS && HAVE_MEMORY_H
| #  include <memory.h>
| # endif
| # include <string.h>
| #else
| # ifdef HAVE_STRINGS_H
| #  include <strings.h>
| # endif
| #endif
| #ifdef HAVE_WCHAR_H
| # include <wchar.h>
| #endif
| 
| 
| int
| main ()
| {
| if (sizeof ((wint_t)))
| 	    return 0;
|   ;
|   return 0;
| }
configure:14598: result: yes
configure:14645: checking whether to install the glade catalogue
configure:14654: result: no
configure:14700: checking for gobject-introspection
configure:14746: result: no (disabled, use --enable-introspection to enable)
configure:14791: checking for gtkdoc-check
configure:14809: found /opt/local/bin/gtkdoc-check
configure:14821: result: /opt/local/bin/gtkdoc-check
configure:14833: checking for gtkdoc-rebase
configure:14851: found /opt/local/bin/gtkdoc-rebase
configure:14863: result: /opt/local/bin/gtkdoc-rebase
configure:14877: checking for gtkdoc-mkpdf
configure:14895: found /opt/local/bin/gtkdoc-mkpdf
configure:14907: result: /opt/local/bin/gtkdoc-mkpdf
configure:15041: checking whether to build gtk-doc documentation
configure:15043: result: no
configure:15315: creating ./config.status

## ---------------------- ##
## Running config.status. ##
## ---------------------- ##

This file was extended by vte config.status 0.32.2, which was
generated by GNU Autoconf 2.68.  Invocation command line was

  CONFIG_FILES    = 
  CONFIG_HEADERS  = 
  CONFIG_LINKS    = 
  CONFIG_COMMANDS = 
  $ ./config.status 

on bender.local

config.status:1296: creating Makefile
config.status:1296: creating src/Makefile
config.status:1296: creating src/vteversion.h
config.status:1296: creating src/vte.gresource.xml
config.status:1296: creating termcaps/Makefile
config.status:1296: creating perf/Makefile
config.status:1296: creating po/Makefile.in
config.status:1296: creating doc/Makefile
config.status:1296: creating doc/openi18n/Makefile
config.status:1296: creating doc/reference/Makefile
config.status:1296: creating doc/reference/version.xml
config.status:1296: creating glade/Makefile
config.status:1296: creating glade/vte.xml.in
config.status:1296: creating vte-2.90.pc
config.status:1296: creating vte-2.90-uninstalled.pc
config.status:1296: creating config.h
config.status:1477: config.h is unchanged
config.status:1525: executing depfiles commands
config.status:1525: executing libtool commands
config.status:1525: executing default-1 commands
config.status:1525: executing po/stamp-it commands
configure:17661: === configuring in gnome-pty-helper (/Users/youri/Downloads/Dotfiles/termite/vte-0.32.2-old/gnome-pty-helper)
configure:17724: running /bin/sh ./configure --disable-option-checking '--prefix=/opt/local'  '--disable-Bsymbolic' '--disable-python' --cache-file=/dev/null --srcdir=.

## -------------- ##
## Configuration. ##
## -------------- ##

Configuration for libvte 0.32.2 for gtk+-3.0
	Installing Glade catalogue: no
	Debugging: no

## ---------------- ##
## Cache variables. ##
## ---------------- ##

ac_cv_build=x86_64-apple-darwin12.3.0
ac_cv_c_compiler_gnu=yes
ac_cv_env_CC_set=
ac_cv_env_CC_value=
ac_cv_env_CFLAGS_set=
ac_cv_env_CFLAGS_value=
ac_cv_env_CPPFLAGS_set=
ac_cv_env_CPPFLAGS_value=
ac_cv_env_CPP_set=
ac_cv_env_CPP_value=
ac_cv_env_GLIB_CFLAGS_set=
ac_cv_env_GLIB_CFLAGS_value=
ac_cv_env_GLIB_COMPILE_RESOURCES_set=
ac_cv_env_GLIB_COMPILE_RESOURCES_value=
ac_cv_env_GLIB_LIBS_set=
ac_cv_env_GLIB_LIBS_value=
ac_cv_env_GTKDOC_DEPS_CFLAGS_set=
ac_cv_env_GTKDOC_DEPS_CFLAGS_value=
ac_cv_env_GTKDOC_DEPS_LIBS_set=
ac_cv_env_GTKDOC_DEPS_LIBS_value=
ac_cv_env_GTK_CFLAGS_set=
ac_cv_env_GTK_CFLAGS_value=
ac_cv_env_GTK_LIBS_set=
ac_cv_env_GTK_LIBS_value=
ac_cv_env_LDFLAGS_set=
ac_cv_env_LDFLAGS_value=
ac_cv_env_LIBS_set=
ac_cv_env_LIBS_value=
ac_cv_env_PKG_CONFIG_LIBDIR_set=
ac_cv_env_PKG_CONFIG_LIBDIR_value=
ac_cv_env_PKG_CONFIG_PATH_set=
ac_cv_env_PKG_CONFIG_PATH_value=
ac_cv_env_PKG_CONFIG_set=
ac_cv_env_PKG_CONFIG_value=
ac_cv_env_VTE_CFLAGS_set=
ac_cv_env_VTE_CFLAGS_value=
ac_cv_env_VTE_LIBS_set=
ac_cv_env_VTE_LIBS_value=
ac_cv_env_build_alias_set=
ac_cv_env_build_alias_value=
ac_cv_env_host_alias_set=
ac_cv_env_host_alias_value=
ac_cv_env_target_alias_set=
ac_cv_env_target_alias_value=
ac_cv_func_ceil=yes
ac_cv_func_cfmakeraw=yes
ac_cv_func_floor=yes
ac_cv_func_fork=yes
ac_cv_func_getpgid=yes
ac_cv_func_getpt=no
ac_cv_func_grantpt=yes
ac_cv_func_openpty=yes
ac_cv_func_ptsname=yes
ac_cv_func_ptsname_r=no
ac_cv_func_recvmsg=yes
ac_cv_func_round=yes
ac_cv_func_setpgid=yes
ac_cv_func_setsid=yes
ac_cv_func_socket=yes
ac_cv_func_socketpair=yes
ac_cv_func_tcgetattr=yes
ac_cv_func_tcsetattr=yes
ac_cv_func_tgetent=no
ac_cv_func_unlockpt=yes
ac_cv_have_decl_bind_textdomain_codeset=no
ac_cv_header_dlfcn_h=yes
ac_cv_header_inttypes_h=yes
ac_cv_header_libintl_h=no
ac_cv_header_locale_h=yes
ac_cv_header_memory_h=yes
ac_cv_header_ncurses_h=yes
ac_cv_header_stdc=yes
ac_cv_header_stdint_h=yes
ac_cv_header_stdlib_h=yes
ac_cv_header_string_h=yes
ac_cv_header_strings_h=yes
ac_cv_header_stropts_h=no
ac_cv_header_sys_select_h=yes
ac_cv_header_sys_stat_h=yes
ac_cv_header_sys_syslimits_h=yes
ac_cv_header_sys_termios_h=yes
ac_cv_header_sys_types_h=yes
ac_cv_header_sys_un_h=yes
ac_cv_header_sys_wait_h=yes
ac_cv_header_term_h=yes
ac_cv_header_termios_h=yes
ac_cv_header_unistd_h=yes
ac_cv_header_util_h=yes
ac_cv_header_wchar_h=yes
ac_cv_host=x86_64-apple-darwin12.3.0
ac_cv_lib_ncurses_tgetent=yes
ac_cv_objext=o
ac_cv_path_EGREP='/usr/bin/grep -E'
ac_cv_path_FGREP='/usr/bin/grep -F'
ac_cv_path_GLIB_COMPILE_RESOURCES=/opt/local/bin/glib-compile-resources
ac_cv_path_GLIB_GENMARSHAL=/opt/local/bin/glib-genmarshal
ac_cv_path_GLIB_MKENUMS=/opt/local/bin/glib-mkenums
ac_cv_path_GMSGFMT=/opt/local/bin/msgfmt
ac_cv_path_GREP=/usr/bin/grep
ac_cv_path_GTKDOC_CHECK=/opt/local/bin/gtkdoc-check
ac_cv_path_GTKDOC_MKPDF=/opt/local/bin/gtkdoc-mkpdf
ac_cv_path_GTKDOC_REBASE=/opt/local/bin/gtkdoc-rebase
ac_cv_path_INTLTOOL_EXTRACT=/opt/local/bin/intltool-extract
ac_cv_path_INTLTOOL_MERGE=/opt/local/bin/intltool-merge
ac_cv_path_INTLTOOL_PERL=/opt/local/bin/perl
ac_cv_path_INTLTOOL_UPDATE=/opt/local/bin/intltool-update
ac_cv_path_MSGFMT=/opt/local/bin/msgfmt
ac_cv_path_MSGMERGE=/opt/local/bin/msgmerge
ac_cv_path_SED=/opt/local/bin/gsed
ac_cv_path_XGETTEXT=/opt/local/bin/xgettext
ac_cv_path_ac_pt_PKG_CONFIG=/opt/local/bin/pkg-config
ac_cv_path_install='/usr/bin/install -c'
ac_cv_prog_AWK=gawk
ac_cv_prog_CPP='gcc -E'
ac_cv_prog_ac_ct_AR=ar
ac_cv_prog_ac_ct_CC=gcc
ac_cv_prog_ac_ct_DSYMUTIL=dsymutil
ac_cv_prog_ac_ct_LIPO=lipo
ac_cv_prog_ac_ct_NMEDIT=nmedit
ac_cv_prog_ac_ct_OBJDUMP=objdump
ac_cv_prog_ac_ct_OTOOL=otool
ac_cv_prog_ac_ct_RANLIB=ranlib
ac_cv_prog_ac_ct_STRIP=strip
ac_cv_prog_cc_c89=
ac_cv_prog_cc_g=yes
ac_cv_prog_cc_gcc_c_o=yes
ac_cv_prog_make_make_set=yes
ac_cv_sys_tiocgwinsz_in_termios_h=yes
ac_cv_type_wint_t=yes
am_cv_CC_dependencies_compiler_type=gcc3
am_cv_make_support_nested_variables=yes
am_cv_val_LC_MESSAGES=yes
cc_cv_cflags__Waggregate_return=yes
cc_cv_cflags__Wall=yes
cc_cv_cflags__Wcast_align=yes
cc_cv_cflags__Wdeclaration_after_statement=yes
cc_cv_cflags__Werror_format_security=yes
cc_cv_cflags__Werror_implicit_function_declaration=yes
cc_cv_cflags__Wextra=yes
cc_cv_cflags__Wformat_nonliteral=yes
cc_cv_cflags__Wimplicit=yes
cc_cv_cflags__Winit_self=yes
cc_cv_cflags__Wmissing_declarations=yes
cc_cv_cflags__Wmissing_format_attribute=yes
cc_cv_cflags__Wmissing_prototypes=yes
cc_cv_cflags__Wnested_externs=yes
cc_cv_cflags__Wno_missing_field_initializers=yes
cc_cv_cflags__Wno_switch_enum=yes
cc_cv_cflags__Wno_unused_parameter=yes
cc_cv_cflags__Wold_style_definition=yes
cc_cv_cflags__Wpacked=yes
cc_cv_cflags__Wpointer_arith=yes
cc_cv_cflags__Wshadow=yes
cc_cv_cflags__Wsign_compare=yes
cc_cv_cflags__Wstrict_aliasing_2=yes
cc_cv_cflags__Wstrict_prototypes=yes
cc_cv_cflags__Wuninitialized=yes
cc_cv_cflags__Wunsafe_loop_optimizations=yes
cc_cv_cflags__Wwrite_strings=yes
cc_cv_cflags__fno_common=yes
gt_cv_have_gettext=no
lt_cv_apple_cc_single_mod=yes
lt_cv_ar_at_file=no
lt_cv_deplibs_check_method=pass_all
lt_cv_file_magic_cmd='$MAGIC_CMD'
lt_cv_file_magic_test_file=
lt_cv_ld_exported_symbols_list=yes
lt_cv_ld_force_load=yes
lt_cv_ld_reload_flag=-r
lt_cv_nm_interface='BSD nm'
lt_cv_objdir=.libs
lt_cv_path_LD=/usr/llvm-gcc-4.2/libexec/gcc/i686-apple-darwin11/4.2.1/ld
lt_cv_path_NM=/usr/bin/nm
lt_cv_path_mainfest_tool=no
lt_cv_prog_compiler_c_o=yes
lt_cv_prog_compiler_pic='-fno-common -DPIC'
lt_cv_prog_compiler_pic_works=yes
lt_cv_prog_compiler_rtti_exceptions=no
lt_cv_prog_compiler_static_works=no
lt_cv_prog_gnu_ld=no
lt_cv_sharedlib_from_linklib_cmd='printf %s\n'
lt_cv_sys_global_symbol_pipe='sed -n -e '\''s/^.*[	 ]\([BCDEGRST][BCDEGRST]*\)[	 ][	 ]*_\([_A-Za-z][_A-Za-z0-9]*\)$/\1 _\2 \2/p'\'' | sed '\''/ __gnu_lto/d'\'''
lt_cv_sys_global_symbol_to_c_name_address='sed -n -e '\''s/^: \([^ ]*\)[ ]*$/  {\"\1\", (void *) 0},/p'\'' -e '\''s/^[BCDEGRST]* \([^ ]*\) \([^ ]*\)$/  {"\2", (void *) \&\2},/p'\'''
lt_cv_sys_global_symbol_to_c_name_address_lib_prefix='sed -n -e '\''s/^: \([^ ]*\)[ ]*$/  {\"\1\", (void *) 0},/p'\'' -e '\''s/^[BCDEGRST]* \([^ ]*\) \(lib[^ ]*\)$/  {"\2", (void *) \&\2},/p'\'' -e '\''s/^[BCDEGRST]* \([^ ]*\) \([^ ]*\)$/  {"lib\2", (void *) \&\2},/p'\'''
lt_cv_sys_global_symbol_to_cdecl='sed -n -e '\''s/^T .* \(.*\)$/extern int \1();/p'\'' -e '\''s/^[BCDEGRST]* .* \(.*\)$/extern char \1;/p'\'''
lt_cv_sys_max_cmd_len=196608
lt_cv_to_host_file_cmd=func_convert_file_noop
lt_cv_to_tool_file_cmd=func_convert_file_noop
pkg_cv_GLIB_CFLAGS='-D_REENTRANT -I/opt/local/include/glib-2.0 -I/opt/local/lib/glib-2.0/include -I/opt/local/include '
pkg_cv_GLIB_LIBS='-L/opt/local/lib -lgio-2.0 -lgobject-2.0 -lglib-2.0 -lintl '
pkg_cv_GTK_CFLAGS='-D_REENTRANT -I/opt/local/include/gtk-3.0 -I/opt/local/include/at-spi2-atk/2.0 -I/opt/local/include/gtk-3.0 -I/opt/local/include/gio-unix-2.0/ -I/opt/local/include -I/opt/local/include/cairo -I/opt/local/include/pango-1.0 -I/opt/local/include/harfbuzz -I/opt/local/include/pango-1.0 -I/opt/local/include/atk-1.0 -I/opt/local/include/cairo -I/opt/local/include/pixman-1 -I/opt/local/include -I/opt/local/include/freetype2 -I/opt/local/include -I/opt/local/include/libpng15 -I/opt/local/include -I/opt/local/include/gdk-pixbuf-2.0 -I/opt/local/include/libpng15 -I/opt/local/include/glib-2.0 -I/opt/local/lib/glib-2.0/include -I/opt/local/include '
pkg_cv_GTK_LIBS='-L/opt/local/lib -lgtk-3 -lgdk-3 -lpangocairo-1.0 -lpangoft2-1.0 -lpango-1.0 -lm -lfreetype -lfontconfig -latk-1.0 -lcairo-gobject -lcairo -lgdk_pixbuf-2.0 -lgio-2.0 -lgobject-2.0 -lglib-2.0 -lintl '
pkg_cv_VTE_CFLAGS='-D_REENTRANT -I/opt/local/include/gtk-3.0 -I/opt/local/include/at-spi2-atk/2.0 -I/opt/local/include/gtk-3.0 -I/opt/local/include -I/opt/local/include/pango-1.0 -I/opt/local/include/harfbuzz -I/opt/local/include/pango-1.0 -I/opt/local/include/atk-1.0 -I/opt/local/include/cairo -I/opt/local/include/gdk-pixbuf-2.0 -I/opt/local/include/libpng15 -I/opt/local/include/gio-unix-2.0/ -I/opt/local/include/cairo -I/opt/local/include/glib-2.0 -I/opt/local/lib/glib-2.0/include -I/opt/local/include -I/opt/local/include/pixman-1 -I/opt/local/include -I/opt/local/include/freetype2 -I/opt/local/include -I/opt/local/include/libpng15 -I/opt/local/include '
pkg_cv_VTE_LIBS='-L/opt/local/lib -lgtk-3 -lgdk-3 -lpangocairo-1.0 -lpangoft2-1.0 -lpango-1.0 -lm -lfreetype -lfontconfig -latk-1.0 -lcairo-gobject -lgdk_pixbuf-2.0 -lgio-2.0 -lgobject-2.0 -lglib-2.0 -lintl -lcairo -lX11 -lXext '
vte_cv_termcap_lib=libncurses

## ----------------- ##
## Output variables. ##
## ----------------- ##

ACLOCAL='${SHELL} /Users/youri/Downloads/Dotfiles/termite/vte-0.32.2-old/missing --run aclocal-1.11'
ALL_LINGUAS=''
AMDEPBACKSLASH='\'
AMDEP_FALSE='#'
AMDEP_TRUE=''
AMTAR='$${TAR-tar}'
AM_BACKSLASH='\'
AM_CFLAGS=''
AM_CPPFLAGS=' -DGLIB_DISABLE_DEPRECATION_WARNINGS'
AM_DEFAULT_V='$(AM_DEFAULT_VERBOSITY)'
AM_DEFAULT_VERBOSITY='0'
AM_LDFLAGS=''
AM_V='$(V)'
AR='ar'
AUTOCONF='${SHELL} /Users/youri/Downloads/Dotfiles/termite/vte-0.32.2-old/missing --run autoconf'
AUTOHEADER='${SHELL} /Users/youri/Downloads/Dotfiles/termite/vte-0.32.2-old/missing --run autoheader'
AUTOMAKE='${SHELL} /Users/youri/Downloads/Dotfiles/termite/vte-0.32.2-old/missing --run automake-1.11'
AWK='gawk'
BUILD_GNOME_PTY_HELPER_FALSE='#'
BUILD_GNOME_PTY_HELPER_TRUE=''
CATALOGS=''
CATOBJEXT='NONE'
CC='gcc'
CCDEPMODE='depmode=gcc3'
CFLAGS='-g -O2 -Wall -Wextra -Wformat-nonliteral -Werror=format-security -Wsign-compare -Werror=implicit-function-declaration -Wpointer-arith -Wwrite-strings -Wstrict-prototypes -Waggregate-return -Wcast-align -Wimplicit -Wuninitialized -Wmissing-prototypes -Wmissing-declarations -Wnested-externs -Wpacked -Wmissing-format-attribute -Wshadow -Wstrict-aliasing=2 -Winit-self -Wunsafe-loop-optimizations -Wdeclaration-after-statement -Wold-style-definition -Wno-missing-field-initializers -Wno-unused-parameter -fno-common -Wno-switch-enum'
CPP='gcc -E'
CPPFLAGS=''
CYGPATH_W='echo'
DATADIRNAME='lib'
DEFS='-DHAVE_CONFIG_H'
DEPDIR='.deps'
DLLTOOL='false'
DSYMUTIL='dsymutil'
DUMPBIN=''
ECHO_C='\c'
ECHO_N=''
ECHO_T=''
EGREP='/usr/bin/grep -E'
ENABLE_GLADE_CATALOGUE_FALSE=''
ENABLE_GLADE_CATALOGUE_TRUE='#'
ENABLE_GTK_DOC_FALSE=''
ENABLE_GTK_DOC_TRUE='#'
EXEEXT=''
FGREP='/usr/bin/grep -F'
GETTEXT_PACKAGE='vte-2.90'
GLADE_CATALOGUE_DIR=''
GLADE_ICON_DIR=''
GLADE_MODULE_DIR=''
GLIB_CFLAGS='-D_REENTRANT -I/opt/local/include/glib-2.0 -I/opt/local/lib/glib-2.0/include -I/opt/local/include '
GLIB_COMPILE_RESOURCES='/opt/local/bin/glib-compile-resources'
GLIB_GENMARSHAL='/opt/local/bin/glib-genmarshal'
GLIB_LIBS='-L/opt/local/lib -lgio-2.0 -lgobject-2.0 -lglib-2.0 -lintl '
GLIB_MKENUMS='/opt/local/bin/glib-mkenums'
GLIB_PREFIX='/opt/local'
GMOFILES=''
GMSGFMT='/opt/local/bin/msgfmt'
GREP='/usr/bin/grep'
GTKDOC_CHECK='/opt/local/bin/gtkdoc-check'
GTKDOC_DEPS_CFLAGS=''
GTKDOC_DEPS_LIBS=''
GTKDOC_MKPDF='/opt/local/bin/gtkdoc-mkpdf'
GTKDOC_REBASE='/opt/local/bin/gtkdoc-rebase'
GTK_API_VERSION='3.0'
GTK_CFLAGS='-D_REENTRANT -I/opt/local/include/gtk-3.0 -I/opt/local/include/at-spi2-atk/2.0 -I/opt/local/include/gtk-3.0 -I/opt/local/include/gio-unix-2.0/ -I/opt/local/include -I/opt/local/include/cairo -I/opt/local/include/pango-1.0 -I/opt/local/include/harfbuzz -I/opt/local/include/pango-1.0 -I/opt/local/include/atk-1.0 -I/opt/local/include/cairo -I/opt/local/include/pixman-1 -I/opt/local/include -I/opt/local/include/freetype2 -I/opt/local/include -I/opt/local/include/libpng15 -I/opt/local/include -I/opt/local/include/gdk-pixbuf-2.0 -I/opt/local/include/libpng15 -I/opt/local/include/glib-2.0 -I/opt/local/lib/glib-2.0/include -I/opt/local/include '
GTK_DOC_BUILD_HTML_FALSE='#'
GTK_DOC_BUILD_HTML_TRUE=''
GTK_DOC_BUILD_PDF_FALSE=''
GTK_DOC_BUILD_PDF_TRUE='#'
GTK_DOC_USE_LIBTOOL_FALSE='#'
GTK_DOC_USE_LIBTOOL_TRUE=''
GTK_DOC_USE_REBASE_FALSE='#'
GTK_DOC_USE_REBASE_TRUE=''
GTK_LIBS='-L/opt/local/lib -lgtk-3 -lgdk-3 -lpangocairo-1.0 -lpangoft2-1.0 -lpango-1.0 -lm -lfreetype -lfontconfig -latk-1.0 -lcairo-gobject -lcairo -lgdk_pixbuf-2.0 -lgio-2.0 -lgobject-2.0 -lglib-2.0 -lintl '
GTK_PREFIX='/opt/local'
HAVE_INTROSPECTION_FALSE=''
HAVE_INTROSPECTION_TRUE='#'
HTML_DIR='${datadir}/gtk-doc/html'
INSTALL_DATA='${INSTALL} -m 644'
INSTALL_PROGRAM='${INSTALL}'
INSTALL_SCRIPT='${INSTALL}'
INSTALL_STRIP_PROGRAM='$(install_sh) -c -s'
INSTOBJEXT=''
INTLLIBS=''
INTLTOOL_CAVES_RULE='%.caves:     %.caves.in     $(INTLTOOL_MERGE) $(wildcard $(top_srcdir)/po/*.po) ; $(INTLTOOL_V_MERGE)LC_ALL=C $(INTLTOOL_MERGE) $(INTLTOOL_V_MERGE_OPTIONS) -d -u -c $(top_builddir)/po/.intltool-merge-cache $(top_srcdir)/po $< $@'
INTLTOOL_DESKTOP_RULE='%.desktop:   %.desktop.in   $(INTLTOOL_MERGE) $(wildcard $(top_srcdir)/po/*.po) ; $(INTLTOOL_V_MERGE)LC_ALL=C $(INTLTOOL_MERGE) $(INTLTOOL_V_MERGE_OPTIONS) -d -u -c $(top_builddir)/po/.intltool-merge-cache $(top_srcdir)/po $< $@'
INTLTOOL_DIRECTORY_RULE='%.directory: %.directory.in $(INTLTOOL_MERGE) $(wildcard $(top_srcdir)/po/*.po) ; $(INTLTOOL_V_MERGE)LC_ALL=C $(INTLTOOL_MERGE) $(INTLTOOL_V_MERGE_OPTIONS) -d -u -c $(top_builddir)/po/.intltool-merge-cache $(top_srcdir)/po $< $@'
INTLTOOL_EXTRACT='/opt/local/bin/intltool-extract'
INTLTOOL_KBD_RULE='%.kbd:       %.kbd.in       $(INTLTOOL_MERGE) $(wildcard $(top_srcdir)/po/*.po) ; $(INTLTOOL_V_MERGE)LC_ALL=C $(INTLTOOL_MERGE) $(INTLTOOL_V_MERGE_OPTIONS) -x -u -m -c $(top_builddir)/po/.intltool-merge-cache $(top_srcdir)/po $< $@'
INTLTOOL_KEYS_RULE='%.keys:      %.keys.in      $(INTLTOOL_MERGE) $(wildcard $(top_srcdir)/po/*.po) ; $(INTLTOOL_V_MERGE)LC_ALL=C $(INTLTOOL_MERGE) $(INTLTOOL_V_MERGE_OPTIONS) -k -u -c $(top_builddir)/po/.intltool-merge-cache $(top_srcdir)/po $< $@'
INTLTOOL_MERGE='/opt/local/bin/intltool-merge'
INTLTOOL_OAF_RULE='%.oaf:       %.oaf.in       $(INTLTOOL_MERGE) $(wildcard $(top_srcdir)/po/*.po) ; $(INTLTOOL_V_MERGE)LC_ALL=C $(INTLTOOL_MERGE) $(INTLTOOL_V_MERGE_OPTIONS) -o -p $(top_srcdir)/po $< $@'
INTLTOOL_PERL='/opt/local/bin/perl'
INTLTOOL_POLICY_RULE='%.policy:    %.policy.in    $(INTLTOOL_MERGE) $(wildcard $(top_srcdir)/po/*.po) ; $(INTLTOOL_V_MERGE)LC_ALL=C $(INTLTOOL_MERGE) $(INTLTOOL_V_MERGE_OPTIONS) -x -u -c $(top_builddir)/po/.intltool-merge-cache $(top_srcdir)/po $< $@'
INTLTOOL_PONG_RULE='%.pong:      %.pong.in      $(INTLTOOL_MERGE) $(wildcard $(top_srcdir)/po/*.po) ; $(INTLTOOL_V_MERGE)LC_ALL=C $(INTLTOOL_MERGE) $(INTLTOOL_V_MERGE_OPTIONS) -x -u -c $(top_builddir)/po/.intltool-merge-cache $(top_srcdir)/po $< $@'
INTLTOOL_PROP_RULE='%.prop:      %.prop.in      $(INTLTOOL_MERGE) $(wildcard $(top_srcdir)/po/*.po) ; $(INTLTOOL_V_MERGE)LC_ALL=C $(INTLTOOL_MERGE) $(INTLTOOL_V_MERGE_OPTIONS) -d -u -c $(top_builddir)/po/.intltool-merge-cache $(top_srcdir)/po $< $@'
INTLTOOL_SCHEMAS_RULE='%.schemas:   %.schemas.in   $(INTLTOOL_MERGE) $(wildcard $(top_srcdir)/po/*.po) ; $(INTLTOOL_V_MERGE)LC_ALL=C $(INTLTOOL_MERGE) $(INTLTOOL_V_MERGE_OPTIONS) -s -u -c $(top_builddir)/po/.intltool-merge-cache $(top_srcdir)/po $< $@'
INTLTOOL_SERVER_RULE='%.server:    %.server.in    $(INTLTOOL_MERGE) $(wildcard $(top_srcdir)/po/*.po) ; $(INTLTOOL_V_MERGE)LC_ALL=C $(INTLTOOL_MERGE) $(INTLTOOL_V_MERGE_OPTIONS) -o -u -c $(top_builddir)/po/.intltool-merge-cache $(top_srcdir)/po $< $@'
INTLTOOL_SERVICE_RULE='%.service: %.service.in   $(INTLTOOL_MERGE) $(wildcard $(top_srcdir)/po/*.po) ; $(INTLTOOL_V_MERGE)LC_ALL=C $(INTLTOOL_MERGE) $(INTLTOOL_V_MERGE_OPTIONS) -d -u -c $(top_builddir)/po/.intltool-merge-cache $(top_srcdir)/po $< $@'
INTLTOOL_SHEET_RULE='%.sheet:     %.sheet.in     $(INTLTOOL_MERGE) $(wildcard $(top_srcdir)/po/*.po) ; $(INTLTOOL_V_MERGE)LC_ALL=C $(INTLTOOL_MERGE) $(INTLTOOL_V_MERGE_OPTIONS) -x -u -c $(top_builddir)/po/.intltool-merge-cache $(top_srcdir)/po $< $@'
INTLTOOL_SOUNDLIST_RULE='%.soundlist: %.soundlist.in $(INTLTOOL_MERGE) $(wildcard $(top_srcdir)/po/*.po) ; $(INTLTOOL_V_MERGE)LC_ALL=C $(INTLTOOL_MERGE) $(INTLTOOL_V_MERGE_OPTIONS) -d -u -c $(top_builddir)/po/.intltool-merge-cache $(top_srcdir)/po $< $@'
INTLTOOL_THEME_RULE='%.theme:     %.theme.in     $(INTLTOOL_MERGE) $(wildcard $(top_srcdir)/po/*.po) ; $(INTLTOOL_V_MERGE)LC_ALL=C $(INTLTOOL_MERGE) $(INTLTOOL_V_MERGE_OPTIONS) -d -u -c $(top_builddir)/po/.intltool-merge-cache $(top_srcdir)/po $< $@'
INTLTOOL_UI_RULE='%.ui:        %.ui.in        $(INTLTOOL_MERGE) $(wildcard $(top_srcdir)/po/*.po) ; $(INTLTOOL_V_MERGE)LC_ALL=C $(INTLTOOL_MERGE) $(INTLTOOL_V_MERGE_OPTIONS) -x -u -c $(top_builddir)/po/.intltool-merge-cache $(top_srcdir)/po $< $@'
INTLTOOL_UPDATE='/opt/local/bin/intltool-update'
INTLTOOL_V_MERGE='$(INTLTOOL__v_MERGE_$(V))'
INTLTOOL_V_MERGE_OPTIONS='$(intltool__v_merge_options_$(V))'
INTLTOOL_XAM_RULE='%.xam:       %.xml.in       $(INTLTOOL_MERGE) $(wildcard $(top_srcdir)/po/*.po) ; $(INTLTOOL_V_MERGE)LC_ALL=C $(INTLTOOL_MERGE) $(INTLTOOL_V_MERGE_OPTIONS) -x -u -c $(top_builddir)/po/.intltool-merge-cache $(top_srcdir)/po $< $@'
INTLTOOL_XML_NOMERGE_RULE='%.xml:       %.xml.in       $(INTLTOOL_MERGE) ; $(INTLTOOL_V_MERGE)LC_ALL=C $(INTLTOOL_MERGE) $(INTLTOOL_V_MERGE_OPTIONS) -x -u --no-translations $< $@'
INTLTOOL_XML_RULE='%.xml:       %.xml.in       $(INTLTOOL_MERGE) $(wildcard $(top_srcdir)/po/*.po) ; $(INTLTOOL_V_MERGE)LC_ALL=C $(INTLTOOL_MERGE) $(INTLTOOL_V_MERGE_OPTIONS) -x -u -c $(top_builddir)/po/.intltool-merge-cache $(top_srcdir)/po $< $@'
INTLTOOL__v_MERGE_0='@echo "  ITMRG " $@;'
INTLTOOL__v_MERGE_='$(INTLTOOL__v_MERGE_$(AM_DEFAULT_VERBOSITY))'
INTROSPECTION_CFLAGS=''
INTROSPECTION_COMPILER=''
INTROSPECTION_GENERATE=''
INTROSPECTION_GIRDIR=''
INTROSPECTION_LIBS=''
INTROSPECTION_MAKEFILE=''
INTROSPECTION_SCANNER=''
INTROSPECTION_TYPELIBDIR=''
LD='/usr/llvm-gcc-4.2/libexec/gcc/i686-apple-darwin11/4.2.1/ld'
LDFLAGS=''
LIBOBJS=''
LIBS='-lncurses '
LIBTOOL='$(SHELL) $(top_builddir)/libtool'
LIBTOOL_EXPORT_OPTIONS=''
LIBTOOL_FLAGS='-as-needed'
LIPO='lipo'
LN_S='ln -s'
LTLIBOBJS=''
LT_VERSION_INFO='3209:2:3200'
MAINT=''
MAINTAINER_MODE_FALSE='#'
MAINTAINER_MODE_TRUE=''
MAKEINFO='${SHELL} /Users/youri/Downloads/Dotfiles/termite/vte-0.32.2-old/missing --run makeinfo'
MANIFEST_TOOL=':'
MKDIR_P='./install-sh -c -d'
MKINSTALLDIRS='./mkinstalldirs'
MSGFMT='/opt/local/bin/msgfmt'
MSGFMT_OPTS=''
MSGMERGE='/opt/local/bin/msgmerge'
NM='/usr/bin/nm'
NMEDIT='nmedit'
OBJDUMP='objdump'
OBJEXT='o'
OS_WIN32_FALSE=''
OS_WIN32_TRUE='#'
OTOOL64=':'
OTOOL='otool'
PACKAGE='vte'
PACKAGE_BUGREPORT='http://bugzilla.gnome.org/enter_bug.cgi?product=vte'
PACKAGE_NAME='vte'
PACKAGE_STRING='vte 0.32.2'
PACKAGE_TARNAME='vte'
PACKAGE_URL=''
PACKAGE_VERSION='0.32.2'
PATH_SEPARATOR=':'
PKG_CONFIG='/opt/local/bin/pkg-config'
PKG_CONFIG_LIBDIR=''
PKG_CONFIG_PATH=''
PLATFORM_WIN32_FALSE=''
PLATFORM_WIN32_TRUE='#'
POFILES=''
POSUB='po'
PO_IN_DATADIR_FALSE=''
PO_IN_DATADIR_TRUE=''
RANLIB='ranlib'
SED='/opt/local/bin/gsed'
SET_MAKE=''
SHELL='/bin/sh'
STRIP='strip'
USE_NLS='yes'
VERSION='0.32.2'
VTE_API_MAJOR_VERSION='2'
VTE_API_MINOR_VERSION='90'
VTE_API_VERSION='2.90'
VTE_API_VERSION_U='2_90'
VTE_CFLAGS='-D_REENTRANT -I/opt/local/include/gtk-3.0 -I/opt/local/include/at-spi2-atk/2.0 -I/opt/local/include/gtk-3.0 -I/opt/local/include -I/opt/local/include/pango-1.0 -I/opt/local/include/harfbuzz -I/opt/local/include/pango-1.0 -I/opt/local/include/atk-1.0 -I/opt/local/include/cairo -I/opt/local/include/gdk-pixbuf-2.0 -I/opt/local/include/libpng15 -I/opt/local/include/gio-unix-2.0/ -I/opt/local/include/cairo -I/opt/local/include/glib-2.0 -I/opt/local/lib/glib-2.0/include -I/opt/local/include -I/opt/local/include/pixman-1 -I/opt/local/include -I/opt/local/include/freetype2 -I/opt/local/include -I/opt/local/include/libpng15 -I/opt/local/include '
VTE_LDFLAGS=''
VTE_LIBRARY_SUFFIX_U='2_90'
VTE_LIBS='-L/opt/local/lib -lgtk-3 -lgdk-3 -lpangocairo-1.0 -lpangoft2-1.0 -lpango-1.0 -lm -lfreetype -lfontconfig -latk-1.0 -lcairo-gobject -lgdk_pixbuf-2.0 -lgio-2.0 -lgobject-2.0 -lglib-2.0 -lintl -lcairo -lX11 -lXext '
VTE_MAJOR_VERSION='0'
VTE_MICRO_VERSION='2'
VTE_MINOR_VERSION='32'
VTE_PC_VERSION='-2.90'
VTE_PKGS='glib-2.0 >= 2.31.13 gobject-2.0 pango >= 1.22.0 gtk+-3.0 >= 3.1.9 gobject-2.0 gio-2.0 gio-unix-2.0  x11 cairo-xlib'
VTE_SEAL_CFLAGS='-DVTE_SEAL_ENABLE'
XGETTEXT=':'
ac_ct_AR='ar'
ac_ct_CC='gcc'
ac_ct_DUMPBIN=''
am__EXEEXT_FALSE=''
am__EXEEXT_TRUE='#'
am__fastdepCC_FALSE='#'
am__fastdepCC_TRUE=''
am__include='include'
am__isrc=''
am__leading_dot='.'
am__nodep='_no'
am__quote=''
am__tar='$${TAR-tar} chof - "$$tardir"'
am__untar='$${TAR-tar} xf -'
bindir='${exec_prefix}/bin'
build='x86_64-apple-darwin12.3.0'
build_alias=''
build_cpu='x86_64'
build_os='darwin12.3.0'
build_vendor='apple'
datadir='${datarootdir}'
datarootdir='${prefix}/share'
docdir='${datarootdir}/doc/${PACKAGE_TARNAME}'
dvidir='${docdir}'
exec_prefix='${prefix}'
host='x86_64-apple-darwin12.3.0'
host_alias=''
host_cpu='x86_64'
host_os='darwin12.3.0'
host_vendor='apple'
htmldir='${docdir}'
includedir='${prefix}/include'
infodir='${datarootdir}/info'
install_sh='${SHELL} /Users/youri/Downloads/Dotfiles/termite/vte-0.32.2-old/install-sh'
intltool__v_merge_options_0='-q'
intltool__v_merge_options_='$(intltool__v_merge_options_$(AM_DEFAULT_VERBOSITY))'
libdir='${exec_prefix}/lib'
libexecdir='${exec_prefix}/libexec'
localedir='${datarootdir}/locale'
localstatedir='${prefix}/var'
mandir='${datarootdir}/man'
mkdir_p='$(top_builddir)/./install-sh -c -d'
oldincludedir='/usr/include'
pdfdir='${docdir}'
prefix='/opt/local'
program_transform_name='s,x,x,'
psdir='${docdir}'
sbindir='${exec_prefix}/sbin'
sharedstatedir='${prefix}/com'
subdirs=' gnome-pty-helper'
sysconfdir='${prefix}/etc'
target_alias=''

## ----------- ##
## confdefs.h. ##
## ----------- ##

/* confdefs.h */
#define PACKAGE_NAME "vte"
#define PACKAGE_TARNAME "vte"
#define PACKAGE_VERSION "0.32.2"
#define PACKAGE_STRING "vte 0.32.2"
#define PACKAGE_BUGREPORT "http://bugzilla.gnome.org/enter_bug.cgi?product=vte"
#define PACKAGE_URL ""
#define PACKAGE "vte"
#define VERSION "0.32.2"
#define STDC_HEADERS 1
#define HAVE_SYS_TYPES_H 1
#define HAVE_SYS_STAT_H 1
#define HAVE_STDLIB_H 1
#define HAVE_STRING_H 1
#define HAVE_MEMORY_H 1
#define HAVE_STRINGS_H 1
#define HAVE_INTTYPES_H 1
#define HAVE_STDINT_H 1
#define HAVE_UNISTD_H 1
#define HAVE_DLFCN_H 1
#define LT_OBJDIR ".libs/"
#define GETTEXT_PACKAGE "vte-2.90"
#define HAVE_LOCALE_H 1
#define HAVE_LC_MESSAGES 1
#define HAVE_DECL_BIND_TEXTDOMAIN_CODESET 0
#define GDK_MULTIHEAD_SAFE 1
#define VTE_DEFAULT_EMULATION "xterm"
#define HAVE_SYS_SELECT_H 1
#define HAVE_SYS_SYSLIMITS_H 1
#define HAVE_SYS_TERMIOS_H 1
#define HAVE_SYS_UN_H 1
#define HAVE_SYS_WAIT_H 1
#define HAVE_TERMIOS_H 1
#define HAVE_UTIL_H 1
#define HAVE_WCHAR_H 1
#define HAVE_CFMAKERAW 1
#define HAVE_FORK 1
#define HAVE_SETSID 1
#define HAVE_SETPGID 1
#define HAVE_GETPGID 1
#define HAVE_GRANTPT 1
#define HAVE_UNLOCKPT 1
#define HAVE_PTSNAME 1
#define HAVE_TCGETATTR 1
#define HAVE_TCSETATTR 1
#define HAVE_SOCKET 1
#define HAVE_SOCKETPAIR 1
#define HAVE_RECVMSG 1
#define HAVE_OPENPTY 1
#define HAVE_CEIL 1
#define HAVE_FLOOR 1
#define HAVE_ROUND 1
#define HAVE_NCURSES_H 1
#define HAVE_TERM_H 1
#define HAVE_WINT_T 1
#define HAVE_WINT_T /**/
#define VTE_USE_GNOME_PTY_HELPER 1

configure: exit 0
